Writing current data to ./game_data/game-2020_12_21_02_59.csv
Writing current data to ./star_data/star-2020_12_21_02_59.csv
Writing current data to ./2020_data/all-2020_12_21_02_59.csv
Current fetch finished. Next fetch will be 2020-12-21 03:19:03

Writing current data to ./game_data/game-2020_12_21_03_19.csv
Writing current data to ./star_data/star-2020_12_21_03_19.csv
Writing current data to ./2020_data/all-2020_12_21_03_19.csv
Current fetch finished. Next fetch will be 2020-12-21 03:39:03

Writing current data to ./game_data/game-2020_12_21_03_39.csv
Writing current data to ./star_data/star-2020_12_21_03_39.csv
Writing current data to ./2020_data/all-2020_12_21_03_39.csv
Current fetch finished. Next fetch will be 2020-12-21 03:59:03

Writing current data to ./game_data/game-2020_12_21_03_59.csv
Writing current data to ./star_data/star-2020_12_21_03_59.csv
Writing current data to ./2020_data/all-2020_12_21_03_59.csv
Current fetch finished. Next fetch will be 2020-12-21 04:19:03

Writing current data to ./game_data/game-2020_12_21_04_19.csv
Writing current data to ./star_data/star-2020_12_21_04_19.csv
Writing current data to ./2020_data/all-2020_12_21_04_19.csv
Current fetch finished. Next fetch will be 2020-12-21 04:39:03

Writing current data to ./game_data/game-2020_12_21_04_39.csv
Writing current data to ./star_data/star-2020_12_21_04_39.csv
Writing current data to ./2020_data/all-2020_12_21_04_39.csv
Current fetch finished. Next fetch will be 2020-12-21 04:59:03

Writing current data to ./game_data/game-2020_12_21_04_59.csv
Writing current data to ./star_data/star-2020_12_21_04_59.csv
Writing current data to ./2020_data/all-2020_12_21_04_59.csv
Current fetch finished. Next fetch will be 2020-12-21 05:19:03

Writing current data to ./game_data/game-2020_12_21_05_19.csv
Writing current data to ./star_data/star-2020_12_21_05_19.csv
Writing current data to ./2020_data/all-2020_12_21_05_19.csv
Current fetch finished. Next fetch will be 2020-12-21 05:39:03

Writing current data to ./game_data/game-2020_12_21_05_39.csv
Writing current data to ./star_data/star-2020_12_21_05_39.csv
Writing current data to ./2020_data/all-2020_12_21_05_39.csv
Current fetch finished. Next fetch will be 2020-12-21 05:59:03

Writing current data to ./game_data/game-2020_12_21_05_59.csv
Writing current data to ./star_data/star-2020_12_21_05_59.csv
Writing current data to ./2020_data/all-2020_12_21_05_59.csv
Current fetch finished. Next fetch will be 2020-12-21 06:19:03

Writing current data to ./game_data/game-2020_12_21_06_19.csv
Writing current data to ./star_data/star-2020_12_21_06_19.csv
Writing current data to ./2020_data/all-2020_12_21_06_19.csv
Current fetch finished. Next fetch will be 2020-12-21 06:39:03

Writing current data to ./game_data/game-2020_12_21_06_39.csv
Writing current data to ./star_data/star-2020_12_21_06_39.csv
Writing current data to ./2020_data/all-2020_12_21_06_39.csv
Current fetch finished. Next fetch will be 2020-12-21 06:59:03

Writing current data to ./game_data/game-2020_12_21_06_59.csv
Writing current data to ./star_data/star-2020_12_21_06_59.csv
Writing current data to ./2020_data/all-2020_12_21_06_59.csv
Current fetch finished. Next fetch will be 2020-12-21 07:19:03

Writing current data to ./game_data/game-2020_12_21_07_19.csv
Writing current data to ./star_data/star-2020_12_21_07_19.csv
Writing current data to ./2020_data/all-2020_12_21_07_19.csv
Current fetch finished. Next fetch will be 2020-12-21 07:39:03

Writing current data to ./game_data/game-2020_12_21_07_39.csv
Writing current data to ./star_data/star-2020_12_21_07_39.csv
Writing current data to ./2020_data/all-2020_12_21_07_39.csv
Current fetch finished. Next fetch will be 2020-12-21 07:59:03

Writing current data to ./game_data/game-2020_12_21_07_59.csv
Writing current data to ./star_data/star-2020_12_21_07_59.csv
Writing current data to ./2020_data/all-2020_12_21_07_59.csv
Current fetch finished. Next fetch will be 2020-12-21 08:19:03

Writing current data to ./game_data/game-2020_12_21_08_19.csv
Writing current data to ./star_data/star-2020_12_21_08_19.csv
Writing current data to ./2020_data/all-2020_12_21_08_19.csv
Current fetch finished. Next fetch will be 2020-12-21 08:39:03

Writing current data to ./game_data/game-2020_12_21_08_39.csv
Writing current data to ./star_data/star-2020_12_21_08_39.csv
Writing current data to ./2020_data/all-2020_12_21_08_39.csv
Current fetch finished. Next fetch will be 2020-12-21 08:59:03

Writing current data to ./game_data/game-2020_12_21_08_59.csv
Writing current data to ./star_data/star-2020_12_21_08_59.csv
Writing current data to ./2020_data/all-2020_12_21_08_59.csv
Current fetch finished. Next fetch will be 2020-12-21 09:19:03

Writing current data to ./game_data/game-2020_12_21_09_19.csv
Writing current data to ./star_data/star-2020_12_21_09_19.csv
Writing current data to ./2020_data/all-2020_12_21_09_19.csv
Current fetch finished. Next fetch will be 2020-12-21 09:39:03

Writing current data to ./game_data/game-2020_12_21_09_39.csv
Writing current data to ./star_data/star-2020_12_21_09_39.csv
Writing current data to ./2020_data/all-2020_12_21_09_39.csv
Current fetch finished. Next fetch will be 2020-12-21 09:59:03

Writing current data to ./game_data/game-2020_12_21_09_59.csv
Writing current data to ./star_data/star-2020_12_21_09_59.csv
Writing current data to ./2020_data/all-2020_12_21_09_59.csv
Current fetch finished. Next fetch will be 2020-12-21 10:19:03

Writing current data to ./game_data/game-2020_12_21_10_19.csv
Writing current data to ./star_data/star-2020_12_21_10_19.csv
Writing current data to ./2020_data/all-2020_12_21_10_19.csv
Current fetch finished. Next fetch will be 2020-12-21 10:39:03

Writing current data to ./game_data/game-2020_12_21_10_39.csv
Writing current data to ./star_data/star-2020_12_21_10_39.csv
Writing current data to ./2020_data/all-2020_12_21_10_39.csv
Current fetch finished. Next fetch will be 2020-12-21 10:59:03

Writing current data to ./game_data/game-2020_12_21_10_59.csv
Writing current data to ./star_data/star-2020_12_21_10_59.csv
Writing current data to ./2020_data/all-2020_12_21_10_59.csv
Current fetch finished. Next fetch will be 2020-12-21 11:19:03

Writing current data to ./game_data/game-2020_12_21_11_19.csv
Writing current data to ./star_data/star-2020_12_21_11_19.csv
Writing current data to ./2020_data/all-2020_12_21_11_19.csv
Current fetch finished. Next fetch will be 2020-12-21 11:39:03

Writing current data to ./game_data/game-2020_12_21_11_39.csv
Writing current data to ./star_data/star-2020_12_21_11_39.csv
Writing current data to ./2020_data/all-2020_12_21_11_39.csv
Current fetch finished. Next fetch will be 2020-12-21 11:59:03

Writing current data to ./game_data/game-2020_12_21_11_59.csv
Writing current data to ./star_data/star-2020_12_21_11_59.csv
Writing current data to ./2020_data/all-2020_12_21_11_59.csv
Current fetch finished. Next fetch will be 2020-12-21 12:19:03

Writing current data to ./game_data/game-2020_12_21_12_19.csv
Writing current data to ./star_data/star-2020_12_21_12_19.csv
Writing current data to ./2020_data/all-2020_12_21_12_19.csv
Current fetch finished. Next fetch will be 2020-12-21 12:39:03

Writing current data to ./game_data/game-2020_12_21_12_39.csv
Writing current data to ./star_data/star-2020_12_21_12_39.csv
Writing current data to ./2020_data/all-2020_12_21_12_39.csv
Current fetch finished. Next fetch will be 2020-12-21 12:59:03

Writing current data to ./game_data/game-2020_12_21_12_59.csv
Writing current data to ./star_data/star-2020_12_21_12_59.csv
Writing current data to ./2020_data/all-2020_12_21_12_59.csv
Current fetch finished. Next fetch will be 2020-12-21 13:19:03

Writing current data to ./game_data/game-2020_12_21_13_19.csv
Writing current data to ./star_data/star-2020_12_21_13_19.csv
Writing current data to ./2020_data/all-2020_12_21_13_19.csv
Current fetch finished. Next fetch will be 2020-12-21 13:39:03

Writing current data to ./game_data/game-2020_12_21_13_39.csv
Writing current data to ./star_data/star-2020_12_21_13_39.csv
Writing current data to ./2020_data/all-2020_12_21_13_39.csv
Current fetch finished. Next fetch will be 2020-12-21 13:59:03

Writing current data to ./game_data/game-2020_12_21_13_59.csv
Writing current data to ./star_data/star-2020_12_21_13_59.csv
Writing current data to ./2020_data/all-2020_12_21_13_59.csv
Current fetch finished. Next fetch will be 2020-12-21 14:19:03

Writing current data to ./game_data/game-2020_12_21_14_19.csv
Writing current data to ./star_data/star-2020_12_21_14_19.csv
Writing current data to ./2020_data/all-2020_12_21_14_19.csv
Current fetch finished. Next fetch will be 2020-12-21 14:39:03

Writing current data to ./game_data/game-2020_12_21_14_39.csv
Writing current data to ./star_data/star-2020_12_21_14_39.csv
Writing current data to ./2020_data/all-2020_12_21_14_39.csv
Current fetch finished. Next fetch will be 2020-12-21 14:59:03

Writing current data to ./game_data/game-2020_12_21_14_59.csv
Writing current data to ./star_data/star-2020_12_21_14_59.csv
Writing current data to ./2020_data/all-2020_12_21_14_59.csv
Current fetch finished. Next fetch will be 2020-12-21 15:19:03

Writing current data to ./game_data/game-2020_12_21_15_19.csv
Writing current data to ./star_data/star-2020_12_21_15_19.csv
Writing current data to ./2020_data/all-2020_12_21_15_19.csv
Current fetch finished. Next fetch will be 2020-12-21 15:39:03

Writing current data to ./game_data/game-2020_12_21_15_39.csv
Writing current data to ./star_data/star-2020_12_21_15_39.csv
Writing current data to ./2020_data/all-2020_12_21_15_39.csv
Current fetch finished. Next fetch will be 2020-12-21 15:59:03

Writing current data to ./game_data/game-2020_12_21_15_59.csv
Writing current data to ./star_data/star-2020_12_21_15_59.csv
Writing current data to ./2020_data/all-2020_12_21_15_59.csv
Current fetch finished. Next fetch will be 2020-12-21 16:19:03

Writing current data to ./game_data/game-2020_12_21_16_19.csv
Writing current data to ./star_data/star-2020_12_21_16_19.csv
Writing current data to ./2020_data/all-2020_12_21_16_19.csv
Current fetch finished. Next fetch will be 2020-12-21 16:39:03

Writing current data to ./game_data/game-2020_12_21_16_39.csv
Writing current data to ./star_data/star-2020_12_21_16_39.csv
Writing current data to ./2020_data/all-2020_12_21_16_39.csv
Current fetch finished. Next fetch will be 2020-12-21 16:59:03

Writing current data to ./game_data/game-2020_12_21_16_59.csv
Writing current data to ./star_data/star-2020_12_21_16_59.csv
Writing current data to ./2020_data/all-2020_12_21_16_59.csv
Current fetch finished. Next fetch will be 2020-12-21 17:19:03

Writing current data to ./game_data/game-2020_12_21_17_19.csv
Writing current data to ./star_data/star-2020_12_21_17_19.csv
Writing current data to ./2020_data/all-2020_12_21_17_19.csv
Current fetch finished. Next fetch will be 2020-12-21 17:39:03

Writing current data to ./game_data/game-2020_12_21_17_39.csv
Writing current data to ./star_data/star-2020_12_21_17_39.csv
Writing current data to ./2020_data/all-2020_12_21_17_39.csv
Current fetch finished. Next fetch will be 2020-12-21 17:59:03

Writing current data to ./game_data/game-2020_12_21_17_59.csv
Writing current data to ./star_data/star-2020_12_21_17_59.csv
Writing current data to ./2020_data/all-2020_12_21_17_59.csv
Current fetch finished. Next fetch will be 2020-12-21 18:19:03

Writing current data to ./game_data/game-2020_12_21_18_19.csv
Writing current data to ./star_data/star-2020_12_21_18_19.csv
Writing current data to ./2020_data/all-2020_12_21_18_19.csv
Current fetch finished. Next fetch will be 2020-12-21 18:39:03

Writing current data to ./game_data/game-2020_12_21_18_39.csv
Writing current data to ./star_data/star-2020_12_21_18_39.csv
Writing current data to ./2020_data/all-2020_12_21_18_39.csv
Current fetch finished. Next fetch will be 2020-12-21 18:59:03

Writing current data to ./game_data/game-2020_12_21_18_59.csv
Writing current data to ./star_data/star-2020_12_21_18_59.csv
Writing current data to ./2020_data/all-2020_12_21_18_59.csv
Current fetch finished. Next fetch will be 2020-12-21 19:19:03

Writing current data to ./game_data/game-2020_12_21_19_19.csv
Writing current data to ./star_data/star-2020_12_21_19_19.csv
Writing current data to ./2020_data/all-2020_12_21_19_19.csv
Current fetch finished. Next fetch will be 2020-12-21 19:39:03

Writing current data to ./game_data/game-2020_12_21_19_39.csv
Writing current data to ./star_data/star-2020_12_21_19_39.csv
Writing current data to ./2020_data/all-2020_12_21_19_39.csv
Current fetch finished. Next fetch will be 2020-12-21 19:59:03

Writing current data to ./game_data/game-2020_12_21_19_59.csv
Writing current data to ./star_data/star-2020_12_21_19_59.csv
Writing current data to ./2020_data/all-2020_12_21_19_59.csv
Current fetch finished. Next fetch will be 2020-12-21 20:19:03

Writing current data to ./game_data/game-2020_12_21_20_19.csv
Writing current data to ./star_data/star-2020_12_21_20_19.csv
Writing current data to ./2020_data/all-2020_12_21_20_19.csv
Current fetch finished. Next fetch will be 2020-12-21 20:39:03

Writing current data to ./game_data/game-2020_12_21_20_39.csv
Writing current data to ./star_data/star-2020_12_21_20_39.csv
Writing current data to ./2020_data/all-2020_12_21_20_39.csv
Current fetch finished. Next fetch will be 2020-12-21 20:59:03

Writing current data to ./game_data/game-2020_12_21_20_59.csv
Writing current data to ./star_data/star-2020_12_21_20_59.csv
Writing current data to ./2020_data/all-2020_12_21_20_59.csv
Current fetch finished. Next fetch will be 2020-12-21 21:19:03

Writing current data to ./game_data/game-2020_12_21_21_19.csv
Writing current data to ./star_data/star-2020_12_21_21_19.csv
Writing current data to ./2020_data/all-2020_12_21_21_19.csv
Current fetch finished. Next fetch will be 2020-12-21 21:39:03

Writing current data to ./game_data/game-2020_12_21_21_39.csv
Writing current data to ./star_data/star-2020_12_21_21_39.csv
Writing current data to ./2020_data/all-2020_12_21_21_39.csv
Current fetch finished. Next fetch will be 2020-12-21 21:59:03

Writing current data to ./game_data/game-2020_12_21_21_59.csv
Writing current data to ./star_data/star-2020_12_21_21_59.csv
Writing current data to ./2020_data/all-2020_12_21_21_59.csv
Current fetch finished. Next fetch will be 2020-12-21 22:19:03

Writing current data to ./game_data/game-2020_12_21_22_19.csv
Writing current data to ./star_data/star-2020_12_21_22_19.csv
Writing current data to ./2020_data/all-2020_12_21_22_19.csv
Current fetch finished. Next fetch will be 2020-12-21 22:39:03

Writing current data to ./game_data/game-2020_12_21_22_39.csv
Writing current data to ./star_data/star-2020_12_21_22_39.csv
Writing current data to ./2020_data/all-2020_12_21_22_39.csv
Current fetch finished. Next fetch will be 2020-12-21 22:59:06

Writing current data to ./game_data/game-2020_12_21_22_59.csv
Writing current data to ./star_data/star-2020_12_21_22_59.csv
Writing current data to ./2020_data/all-2020_12_21_22_59.csv
Current fetch finished. Next fetch will be 2020-12-21 23:19:06

Writing current data to ./game_data/game-2020_12_21_23_19.csv
Writing current data to ./star_data/star-2020_12_21_23_19.csv
Writing current data to ./2020_data/all-2020_12_21_23_19.csv
Current fetch finished. Next fetch will be 2020-12-21 23:39:06

Writing current data to ./game_data/game-2020_12_21_23_39.csv
Writing current data to ./star_data/star-2020_12_21_23_39.csv
Writing current data to ./2020_data/all-2020_12_21_23_39.csv
Current fetch finished. Next fetch will be 2020-12-21 23:59:06

Writing current data to ./game_data/game-2020_12_21_23_59.csv
Writing current data to ./star_data/star-2020_12_21_23_59.csv
Writing current data to ./2020_data/all-2020_12_21_23_59.csv
Current fetch finished. Next fetch will be 2020-12-22 00:19:06

Writing current data to ./game_data/game-2020_12_22_00_19.csv
Writing current data to ./star_data/star-2020_12_22_00_19.csv
Writing current data to ./2020_data/all-2020_12_22_00_19.csv
Current fetch finished. Next fetch will be 2020-12-22 00:39:06

Writing current data to ./game_data/game-2020_12_22_00_39.csv
Writing current data to ./star_data/star-2020_12_22_00_39.csv
Writing current data to ./2020_data/all-2020_12_22_00_39.csv
Current fetch finished. Next fetch will be 2020-12-22 00:59:06

Writing current data to ./game_data/game-2020_12_22_00_59.csv
Writing current data to ./star_data/star-2020_12_22_00_59.csv
Writing current data to ./2020_data/all-2020_12_22_00_59.csv
Current fetch finished. Next fetch will be 2020-12-22 01:19:06

Writing current data to ./game_data/game-2020_12_22_01_19.csv
Writing current data to ./star_data/star-2020_12_22_01_19.csv
Writing current data to ./2020_data/all-2020_12_22_01_19.csv
Current fetch finished. Next fetch will be 2020-12-22 01:39:06

Writing current data to ./game_data/game-2020_12_22_01_39.csv
Writing current data to ./star_data/star-2020_12_22_01_39.csv
Writing current data to ./2020_data/all-2020_12_22_01_39.csv
Current fetch finished. Next fetch will be 2020-12-22 01:59:06

Writing current data to ./game_data/game-2020_12_22_01_59.csv
Writing current data to ./star_data/star-2020_12_22_01_59.csv
Writing current data to ./2020_data/all-2020_12_22_01_59.csv
Current fetch finished. Next fetch will be 2020-12-22 02:19:06

Writing current data to ./game_data/game-2020_12_22_02_19.csv
Writing current data to ./star_data/star-2020_12_22_02_19.csv
Writing current data to ./2020_data/all-2020_12_22_02_19.csv
Current fetch finished. Next fetch will be 2020-12-22 02:39:06

Writing current data to ./game_data/game-2020_12_22_02_39.csv
Writing current data to ./star_data/star-2020_12_22_02_39.csv
Writing current data to ./2020_data/all-2020_12_22_02_39.csv
Current fetch finished. Next fetch will be 2020-12-22 02:59:06

Writing current data to ./game_data/game-2020_12_22_02_59.csv
Writing current data to ./star_data/star-2020_12_22_02_59.csv
Writing current data to ./2020_data/all-2020_12_22_02_59.csv
Current fetch finished. Next fetch will be 2020-12-22 03:19:06

Writing current data to ./game_data/game-2020_12_22_03_19.csv
Writing current data to ./star_data/star-2020_12_22_03_19.csv
Writing current data to ./2020_data/all-2020_12_22_03_19.csv
Current fetch finished. Next fetch will be 2020-12-22 03:39:06

Writing current data to ./game_data/game-2020_12_22_03_39.csv
Writing current data to ./star_data/star-2020_12_22_03_39.csv
Writing current data to ./2020_data/all-2020_12_22_03_39.csv
Current fetch finished. Next fetch will be 2020-12-22 03:59:06

Writing current data to ./game_data/game-2020_12_22_03_59.csv
Writing current data to ./star_data/star-2020_12_22_03_59.csv
Writing current data to ./2020_data/all-2020_12_22_03_59.csv
Current fetch finished. Next fetch will be 2020-12-22 04:19:06

Writing current data to ./game_data/game-2020_12_22_04_19.csv
Writing current data to ./star_data/star-2020_12_22_04_19.csv
Writing current data to ./2020_data/all-2020_12_22_04_19.csv
Current fetch finished. Next fetch will be 2020-12-22 04:39:06

Writing current data to ./game_data/game-2020_12_22_04_39.csv
Writing current data to ./star_data/star-2020_12_22_04_39.csv
Writing current data to ./2020_data/all-2020_12_22_04_39.csv
Current fetch finished. Next fetch will be 2020-12-22 04:59:06

Writing current data to ./game_data/game-2020_12_22_04_59.csv
Writing current data to ./star_data/star-2020_12_22_04_59.csv
Writing current data to ./2020_data/all-2020_12_22_04_59.csv
Current fetch finished. Next fetch will be 2020-12-22 05:19:06

Writing current data to ./game_data/game-2020_12_22_05_19.csv
Writing current data to ./star_data/star-2020_12_22_05_19.csv
Writing current data to ./2020_data/all-2020_12_22_05_19.csv
Current fetch finished. Next fetch will be 2020-12-22 05:39:06

Writing current data to ./game_data/game-2020_12_22_05_39.csv
Writing current data to ./star_data/star-2020_12_22_05_39.csv
Writing current data to ./2020_data/all-2020_12_22_05_39.csv
Current fetch finished. Next fetch will be 2020-12-22 05:59:06

Writing current data to ./game_data/game-2020_12_22_05_59.csv
Writing current data to ./star_data/star-2020_12_22_05_59.csv
Writing current data to ./2020_data/all-2020_12_22_05_59.csv
Current fetch finished. Next fetch will be 2020-12-22 06:19:06

Writing current data to ./game_data/game-2020_12_22_06_19.csv
Writing current data to ./star_data/star-2020_12_22_06_19.csv
Writing current data to ./2020_data/all-2020_12_22_06_19.csv
Current fetch finished. Next fetch will be 2020-12-22 06:39:06

Writing current data to ./game_data/game-2020_12_22_06_39.csv
Writing current data to ./star_data/star-2020_12_22_06_39.csv
Writing current data to ./2020_data/all-2020_12_22_06_39.csv
Current fetch finished. Next fetch will be 2020-12-22 06:59:06

Writing current data to ./game_data/game-2020_12_22_06_59.csv
Writing current data to ./star_data/star-2020_12_22_06_59.csv
Writing current data to ./2020_data/all-2020_12_22_06_59.csv
Current fetch finished. Next fetch will be 2020-12-22 07:19:06

Writing current data to ./game_data/game-2020_12_22_07_19.csv
Writing current data to ./star_data/star-2020_12_22_07_19.csv
Writing current data to ./2020_data/all-2020_12_22_07_19.csv
Current fetch finished. Next fetch will be 2020-12-22 07:39:06

Writing current data to ./game_data/game-2020_12_22_07_39.csv
Writing current data to ./star_data/star-2020_12_22_07_39.csv
Writing current data to ./2020_data/all-2020_12_22_07_39.csv
Current fetch finished. Next fetch will be 2020-12-22 07:59:06

Writing current data to ./game_data/game-2020_12_22_07_59.csv
Writing current data to ./star_data/star-2020_12_22_07_59.csv
Writing current data to ./2020_data/all-2020_12_22_07_59.csv
Current fetch finished. Next fetch will be 2020-12-22 08:19:06

Writing current data to ./game_data/game-2020_12_22_08_19.csv
Writing current data to ./star_data/star-2020_12_22_08_19.csv
Writing current data to ./2020_data/all-2020_12_22_08_19.csv
Current fetch finished. Next fetch will be 2020-12-22 08:39:06

Writing current data to ./game_data/game-2020_12_22_08_39.csv
Writing current data to ./star_data/star-2020_12_22_08_39.csv
Writing current data to ./2020_data/all-2020_12_22_08_39.csv
Current fetch finished. Next fetch will be 2020-12-22 08:59:06

Writing current data to ./game_data/game-2020_12_22_08_59.csv
Writing current data to ./star_data/star-2020_12_22_08_59.csv
Writing current data to ./2020_data/all-2020_12_22_08_59.csv
Current fetch finished. Next fetch will be 2020-12-22 09:19:06

Writing current data to ./game_data/game-2020_12_22_09_19.csv
Writing current data to ./star_data/star-2020_12_22_09_19.csv
Writing current data to ./2020_data/all-2020_12_22_09_19.csv
Current fetch finished. Next fetch will be 2020-12-22 09:39:06

Writing current data to ./game_data/game-2020_12_22_09_39.csv
Writing current data to ./star_data/star-2020_12_22_09_39.csv
Writing current data to ./2020_data/all-2020_12_22_09_39.csv
Current fetch finished. Next fetch will be 2020-12-22 09:59:06

Writing current data to ./game_data/game-2020_12_22_09_59.csv
Writing current data to ./star_data/star-2020_12_22_09_59.csv
Writing current data to ./2020_data/all-2020_12_22_09_59.csv
Current fetch finished. Next fetch will be 2020-12-22 10:19:06

Writing current data to ./game_data/game-2020_12_22_10_19.csv
Writing current data to ./star_data/star-2020_12_22_10_19.csv
Writing current data to ./2020_data/all-2020_12_22_10_19.csv
Current fetch finished. Next fetch will be 2020-12-22 10:39:06

Writing current data to ./game_data/game-2020_12_22_10_39.csv
Writing current data to ./star_data/star-2020_12_22_10_39.csv
Writing current data to ./2020_data/all-2020_12_22_10_39.csv
Current fetch finished. Next fetch will be 2020-12-22 10:59:06

Writing current data to ./game_data/game-2020_12_22_10_59.csv
Writing current data to ./star_data/star-2020_12_22_10_59.csv
Writing current data to ./2020_data/all-2020_12_22_10_59.csv
Current fetch finished. Next fetch will be 2020-12-22 11:19:06

Writing current data to ./game_data/game-2020_12_22_11_19.csv
Writing current data to ./star_data/star-2020_12_22_11_19.csv
Writing current data to ./2020_data/all-2020_12_22_11_19.csv
Current fetch finished. Next fetch will be 2020-12-22 11:39:06

Writing current data to ./game_data/game-2020_12_22_11_39.csv
Writing current data to ./star_data/star-2020_12_22_11_39.csv
Writing current data to ./2020_data/all-2020_12_22_11_39.csv
Current fetch finished. Next fetch will be 2020-12-22 11:59:06

Writing current data to ./game_data/game-2020_12_22_11_59.csv
Writing current data to ./star_data/star-2020_12_22_11_59.csv
Writing current data to ./2020_data/all-2020_12_22_11_59.csv
Current fetch finished. Next fetch will be 2020-12-22 12:19:06

Writing current data to ./game_data/game-2020_12_22_12_19.csv
Writing current data to ./star_data/star-2020_12_22_12_19.csv
Writing current data to ./2020_data/all-2020_12_22_12_19.csv
Current fetch finished. Next fetch will be 2020-12-22 12:39:06

Writing current data to ./game_data/game-2020_12_22_12_39.csv
Writing current data to ./star_data/star-2020_12_22_12_39.csv
Writing current data to ./2020_data/all-2020_12_22_12_39.csv
Current fetch finished. Next fetch will be 2020-12-22 12:59:06

Writing current data to ./game_data/game-2020_12_22_12_59.csv
Writing current data to ./star_data/star-2020_12_22_12_59.csv
Writing current data to ./2020_data/all-2020_12_22_12_59.csv
Current fetch finished. Next fetch will be 2020-12-22 13:19:06

Writing current data to ./game_data/game-2020_12_22_13_19.csv
Writing current data to ./star_data/star-2020_12_22_13_19.csv
Writing current data to ./2020_data/all-2020_12_22_13_19.csv
Current fetch finished. Next fetch will be 2020-12-22 13:39:06

Writing current data to ./game_data/game-2020_12_22_13_39.csv
Writing current data to ./star_data/star-2020_12_22_13_39.csv
Writing current data to ./2020_data/all-2020_12_22_13_39.csv
Current fetch finished. Next fetch will be 2020-12-22 13:59:06

Writing current data to ./game_data/game-2020_12_22_13_59.csv
Writing current data to ./star_data/star-2020_12_22_13_59.csv
Writing current data to ./2020_data/all-2020_12_22_13_59.csv
Current fetch finished. Next fetch will be 2020-12-22 14:19:06

Writing current data to ./game_data/game-2020_12_22_14_19.csv
Writing current data to ./star_data/star-2020_12_22_14_19.csv
Writing current data to ./2020_data/all-2020_12_22_14_19.csv
Current fetch finished. Next fetch will be 2020-12-22 14:39:06

Writing current data to ./game_data/game-2020_12_22_14_39.csv
Writing current data to ./star_data/star-2020_12_22_14_39.csv
Writing current data to ./2020_data/all-2020_12_22_14_39.csv
Current fetch finished. Next fetch will be 2020-12-22 14:59:06

Writing current data to ./game_data/game-2020_12_22_14_59.csv
Writing current data to ./star_data/star-2020_12_22_14_59.csv
Writing current data to ./2020_data/all-2020_12_22_14_59.csv
Current fetch finished. Next fetch will be 2020-12-22 15:19:06

Writing current data to ./game_data/game-2020_12_22_15_19.csv
Writing current data to ./star_data/star-2020_12_22_15_19.csv
Writing current data to ./2020_data/all-2020_12_22_15_19.csv
Current fetch finished. Next fetch will be 2020-12-22 15:39:06

Writing current data to ./game_data/game-2020_12_22_15_39.csv
Writing current data to ./star_data/star-2020_12_22_15_39.csv
Writing current data to ./2020_data/all-2020_12_22_15_39.csv
Current fetch finished. Next fetch will be 2020-12-22 15:59:06

Writing current data to ./game_data/game-2020_12_22_15_59.csv
Writing current data to ./star_data/star-2020_12_22_15_59.csv
Writing current data to ./2020_data/all-2020_12_22_15_59.csv
Current fetch finished. Next fetch will be 2020-12-22 16:19:06

Writing current data to ./game_data/game-2020_12_22_16_19.csv
Writing current data to ./star_data/star-2020_12_22_16_19.csv
Writing current data to ./2020_data/all-2020_12_22_16_19.csv
Current fetch finished. Next fetch will be 2020-12-22 16:39:06

Writing current data to ./game_data/game-2020_12_22_16_39.csv
Writing current data to ./star_data/star-2020_12_22_16_39.csv
Writing current data to ./2020_data/all-2020_12_22_16_39.csv
Current fetch finished. Next fetch will be 2020-12-22 16:59:06

Writing current data to ./game_data/game-2020_12_22_16_59.csv
Writing current data to ./star_data/star-2020_12_22_16_59.csv
Writing current data to ./2020_data/all-2020_12_22_16_59.csv
Current fetch finished. Next fetch will be 2020-12-22 17:19:06

Writing current data to ./game_data/game-2020_12_22_17_19.csv
Writing current data to ./star_data/star-2020_12_22_17_19.csv
Writing current data to ./2020_data/all-2020_12_22_17_19.csv
Current fetch finished. Next fetch will be 2020-12-22 17:39:06

Writing current data to ./game_data/game-2020_12_22_17_39.csv
Writing current data to ./star_data/star-2020_12_22_17_39.csv
Writing current data to ./2020_data/all-2020_12_22_17_39.csv
Current fetch finished. Next fetch will be 2020-12-22 17:59:06

Writing current data to ./game_data/game-2020_12_22_17_59.csv
Writing current data to ./star_data/star-2020_12_22_17_59.csv
Writing current data to ./2020_data/all-2020_12_22_17_59.csv
Current fetch finished. Next fetch will be 2020-12-22 18:19:06

Writing current data to ./game_data/game-2020_12_22_18_19.csv
Writing current data to ./star_data/star-2020_12_22_18_19.csv
Writing current data to ./2020_data/all-2020_12_22_18_19.csv
Current fetch finished. Next fetch will be 2020-12-22 18:39:06

Writing current data to ./game_data/game-2020_12_22_18_39.csv
Writing current data to ./star_data/star-2020_12_22_18_39.csv
Writing current data to ./2020_data/all-2020_12_22_18_39.csv
Current fetch finished. Next fetch will be 2020-12-22 18:59:06

Writing current data to ./game_data/game-2020_12_22_18_59.csv
Writing current data to ./star_data/star-2020_12_22_18_59.csv
Writing current data to ./2020_data/all-2020_12_22_18_59.csv
Current fetch finished. Next fetch will be 2020-12-22 19:19:06

Writing current data to ./game_data/game-2020_12_22_19_19.csv
Writing current data to ./star_data/star-2020_12_22_19_19.csv
Writing current data to ./2020_data/all-2020_12_22_19_19.csv
Current fetch finished. Next fetch will be 2020-12-22 19:39:06

Writing current data to ./game_data/game-2020_12_22_19_39.csv
Writing current data to ./star_data/star-2020_12_22_19_39.csv
Writing current data to ./2020_data/all-2020_12_22_19_39.csv
Current fetch finished. Next fetch will be 2020-12-22 19:59:06

Writing current data to ./game_data/game-2020_12_22_19_59.csv
Writing current data to ./star_data/star-2020_12_22_19_59.csv
Writing current data to ./2020_data/all-2020_12_22_19_59.csv
Current fetch finished. Next fetch will be 2020-12-22 20:19:06

Writing current data to ./game_data/game-2020_12_22_20_19.csv
Writing current data to ./star_data/star-2020_12_22_20_19.csv
Writing current data to ./2020_data/all-2020_12_22_20_19.csv
Current fetch finished. Next fetch will be 2020-12-22 20:39:06

Writing current data to ./game_data/game-2020_12_22_20_39.csv
Writing current data to ./star_data/star-2020_12_22_20_39.csv
Writing current data to ./2020_data/all-2020_12_22_20_39.csv
Current fetch finished. Next fetch will be 2020-12-22 20:59:06

Writing current data to ./game_data/game-2020_12_22_20_59.csv
Writing current data to ./star_data/star-2020_12_22_20_59.csv
Writing current data to ./2020_data/all-2020_12_22_20_59.csv
Current fetch finished. Next fetch will be 2020-12-22 21:19:06

Writing current data to ./game_data/game-2020_12_22_21_19.csv
Writing current data to ./star_data/star-2020_12_22_21_19.csv
Writing current data to ./2020_data/all-2020_12_22_21_19.csv
Current fetch finished. Next fetch will be 2020-12-22 21:39:06

Writing current data to ./game_data/game-2020_12_22_21_39.csv
Writing current data to ./star_data/star-2020_12_22_21_39.csv
Writing current data to ./2020_data/all-2020_12_22_21_39.csv
Current fetch finished. Next fetch will be 2020-12-22 21:59:06

Writing current data to ./game_data/game-2020_12_22_21_59.csv
Writing current data to ./star_data/star-2020_12_22_21_59.csv
Writing current data to ./2020_data/all-2020_12_22_21_59.csv
Current fetch finished. Next fetch will be 2020-12-22 22:19:06

Writing current data to ./game_data/game-2020_12_22_22_19.csv
Writing current data to ./star_data/star-2020_12_22_22_19.csv
Writing current data to ./2020_data/all-2020_12_22_22_19.csv
Current fetch finished. Next fetch will be 2020-12-22 22:39:06

Writing current data to ./game_data/game-2020_12_22_22_39.csv
Writing current data to ./star_data/star-2020_12_22_22_39.csv
Writing current data to ./2020_data/all-2020_12_22_22_39.csv
Current fetch finished. Next fetch will be 2020-12-22 22:59:06

Writing current data to ./game_data/game-2020_12_22_22_59.csv
Writing current data to ./star_data/star-2020_12_22_22_59.csv
Writing current data to ./2020_data/all-2020_12_22_22_59.csv
Current fetch finished. Next fetch will be 2020-12-22 23:19:06

Writing current data to ./game_data/game-2020_12_22_23_19.csv
Writing current data to ./star_data/star-2020_12_22_23_19.csv
Writing current data to ./2020_data/all-2020_12_22_23_19.csv
Current fetch finished. Next fetch will be 2020-12-22 23:39:06

Writing current data to ./game_data/game-2020_12_22_23_39.csv
Writing current data to ./star_data/star-2020_12_22_23_39.csv
Writing current data to ./2020_data/all-2020_12_22_23_39.csv
Current fetch finished. Next fetch will be 2020-12-22 23:59:06

Writing current data to ./game_data/game-2020_12_22_23_59.csv
Writing current data to ./star_data/star-2020_12_22_23_59.csv
Writing current data to ./2020_data/all-2020_12_22_23_59.csv
Current fetch finished. Next fetch will be 2020-12-23 00:19:06

Writing current data to ./game_data/game-2020_12_23_00_19.csv
Writing current data to ./star_data/star-2020_12_23_00_19.csv
Writing current data to ./2020_data/all-2020_12_23_00_19.csv
Current fetch finished. Next fetch will be 2020-12-23 00:39:06

Writing current data to ./game_data/game-2020_12_23_00_39.csv
Writing current data to ./star_data/star-2020_12_23_00_39.csv
Writing current data to ./2020_data/all-2020_12_23_00_39.csv
Current fetch finished. Next fetch will be 2020-12-23 00:59:07

Writing current data to ./game_data/game-2020_12_23_00_59.csv
Writing current data to ./star_data/star-2020_12_23_00_59.csv
Writing current data to ./2020_data/all-2020_12_23_00_59.csv
Current fetch finished. Next fetch will be 2020-12-23 01:19:07

Writing current data to ./game_data/game-2020_12_23_01_19.csv
Writing current data to ./star_data/star-2020_12_23_01_19.csv
Writing current data to ./2020_data/all-2020_12_23_01_19.csv
Current fetch finished. Next fetch will be 2020-12-23 01:39:07

Writing current data to ./game_data/game-2020_12_23_01_39.csv
Writing current data to ./star_data/star-2020_12_23_01_39.csv
Writing current data to ./2020_data/all-2020_12_23_01_39.csv
Current fetch finished. Next fetch will be 2020-12-23 01:59:07

Writing current data to ./game_data/game-2020_12_23_01_59.csv
Writing current data to ./star_data/star-2020_12_23_01_59.csv
Writing current data to ./2020_data/all-2020_12_23_01_59.csv
Current fetch finished. Next fetch will be 2020-12-23 02:19:07

Writing current data to ./game_data/game-2020_12_23_02_19.csv
Writing current data to ./star_data/star-2020_12_23_02_19.csv
Writing current data to ./2020_data/all-2020_12_23_02_19.csv
Current fetch finished. Next fetch will be 2020-12-23 02:39:07

Writing current data to ./game_data/game-2020_12_23_02_39.csv
Writing current data to ./star_data/star-2020_12_23_02_39.csv
Writing current data to ./2020_data/all-2020_12_23_02_39.csv
Current fetch finished. Next fetch will be 2020-12-23 02:59:07

Writing current data to ./game_data/game-2020_12_23_02_59.csv
Writing current data to ./star_data/star-2020_12_23_02_59.csv
Writing current data to ./2020_data/all-2020_12_23_02_59.csv
Current fetch finished. Next fetch will be 2020-12-23 03:19:07

Writing current data to ./game_data/game-2020_12_23_03_19.csv
Writing current data to ./star_data/star-2020_12_23_03_19.csv
Writing current data to ./2020_data/all-2020_12_23_03_19.csv
Current fetch finished. Next fetch will be 2020-12-23 03:39:07

Writing current data to ./game_data/game-2020_12_23_03_39.csv
Writing current data to ./star_data/star-2020_12_23_03_39.csv
Writing current data to ./2020_data/all-2020_12_23_03_39.csv
Current fetch finished. Next fetch will be 2020-12-23 03:59:07

Writing current data to ./game_data/game-2020_12_23_03_59.csv
Writing current data to ./star_data/star-2020_12_23_03_59.csv
Writing current data to ./2020_data/all-2020_12_23_03_59.csv
Current fetch finished. Next fetch will be 2020-12-23 04:19:07

Writing current data to ./game_data/game-2020_12_23_04_19.csv
Writing current data to ./star_data/star-2020_12_23_04_19.csv
Writing current data to ./2020_data/all-2020_12_23_04_19.csv
Current fetch finished. Next fetch will be 2020-12-23 04:39:07

Writing current data to ./game_data/game-2020_12_23_04_39.csv
Writing current data to ./star_data/star-2020_12_23_04_39.csv
Writing current data to ./2020_data/all-2020_12_23_04_39.csv
Current fetch finished. Next fetch will be 2020-12-23 04:59:07

Writing current data to ./game_data/game-2020_12_23_04_59.csv
Writing current data to ./star_data/star-2020_12_23_04_59.csv
Writing current data to ./2020_data/all-2020_12_23_04_59.csv
Current fetch finished. Next fetch will be 2020-12-23 05:19:07

Writing current data to ./game_data/game-2020_12_23_05_19.csv
Writing current data to ./star_data/star-2020_12_23_05_19.csv
Writing current data to ./2020_data/all-2020_12_23_05_19.csv
Current fetch finished. Next fetch will be 2020-12-23 05:39:07

Writing current data to ./game_data/game-2020_12_23_05_39.csv
Writing current data to ./star_data/star-2020_12_23_05_39.csv
Writing current data to ./2020_data/all-2020_12_23_05_39.csv
Current fetch finished. Next fetch will be 2020-12-23 05:59:07

Writing current data to ./game_data/game-2020_12_23_05_59.csv
Writing current data to ./star_data/star-2020_12_23_05_59.csv
Writing current data to ./2020_data/all-2020_12_23_05_59.csv
Current fetch finished. Next fetch will be 2020-12-23 06:19:07

Writing current data to ./game_data/game-2020_12_23_06_19.csv
Writing current data to ./star_data/star-2020_12_23_06_19.csv
Writing current data to ./2020_data/all-2020_12_23_06_19.csv
Current fetch finished. Next fetch will be 2020-12-23 06:39:07

Writing current data to ./game_data/game-2020_12_23_06_39.csv
Writing current data to ./star_data/star-2020_12_23_06_39.csv
Writing current data to ./2020_data/all-2020_12_23_06_39.csv
Current fetch finished. Next fetch will be 2020-12-23 06:59:07

Writing current data to ./game_data/game-2020_12_23_06_59.csv
Writing current data to ./star_data/star-2020_12_23_06_59.csv
Writing current data to ./2020_data/all-2020_12_23_06_59.csv
Current fetch finished. Next fetch will be 2020-12-23 07:19:07

Writing current data to ./game_data/game-2020_12_23_07_19.csv
Writing current data to ./star_data/star-2020_12_23_07_19.csv
Writing current data to ./2020_data/all-2020_12_23_07_19.csv
Current fetch finished. Next fetch will be 2020-12-23 07:39:07

Writing current data to ./game_data/game-2020_12_23_07_39.csv
Writing current data to ./star_data/star-2020_12_23_07_39.csv
Writing current data to ./2020_data/all-2020_12_23_07_39.csv
Current fetch finished. Next fetch will be 2020-12-23 07:59:07

Writing current data to ./game_data/game-2020_12_23_07_59.csv
Writing current data to ./star_data/star-2020_12_23_07_59.csv
Writing current data to ./2020_data/all-2020_12_23_07_59.csv
Current fetch finished. Next fetch will be 2020-12-23 08:19:07

Writing current data to ./game_data/game-2020_12_23_08_19.csv
Writing current data to ./star_data/star-2020_12_23_08_19.csv
Writing current data to ./2020_data/all-2020_12_23_08_19.csv
Current fetch finished. Next fetch will be 2020-12-23 08:39:07

Writing current data to ./game_data/game-2020_12_23_08_39.csv
Writing current data to ./star_data/star-2020_12_23_08_39.csv
Writing current data to ./2020_data/all-2020_12_23_08_39.csv
Current fetch finished. Next fetch will be 2020-12-23 08:59:07

Writing current data to ./game_data/game-2020_12_23_08_59.csv
Writing current data to ./star_data/star-2020_12_23_08_59.csv
Writing current data to ./2020_data/all-2020_12_23_08_59.csv
Current fetch finished. Next fetch will be 2020-12-23 09:19:07

Writing current data to ./game_data/game-2020_12_23_09_19.csv
Writing current data to ./star_data/star-2020_12_23_09_19.csv
Writing current data to ./2020_data/all-2020_12_23_09_19.csv
Current fetch finished. Next fetch will be 2020-12-23 09:39:07

Writing current data to ./game_data/game-2020_12_23_09_39.csv
Writing current data to ./star_data/star-2020_12_23_09_39.csv
Writing current data to ./2020_data/all-2020_12_23_09_39.csv
Current fetch finished. Next fetch will be 2020-12-23 09:59:07

Writing current data to ./game_data/game-2020_12_23_09_59.csv
Writing current data to ./star_data/star-2020_12_23_09_59.csv
Writing current data to ./2020_data/all-2020_12_23_09_59.csv
Current fetch finished. Next fetch will be 2020-12-23 10:19:07

Writing current data to ./game_data/game-2020_12_23_10_19.csv
Writing current data to ./star_data/star-2020_12_23_10_19.csv
Writing current data to ./2020_data/all-2020_12_23_10_19.csv
Current fetch finished. Next fetch will be 2020-12-23 10:39:07

Writing current data to ./game_data/game-2020_12_23_10_39.csv
Writing current data to ./star_data/star-2020_12_23_10_39.csv
Writing current data to ./2020_data/all-2020_12_23_10_39.csv
Current fetch finished. Next fetch will be 2020-12-23 10:59:07

Writing current data to ./game_data/game-2020_12_23_10_59.csv
Writing current data to ./star_data/star-2020_12_23_10_59.csv
Writing current data to ./2020_data/all-2020_12_23_10_59.csv
Current fetch finished. Next fetch will be 2020-12-23 11:19:07

Writing current data to ./game_data/game-2020_12_23_11_19.csv
Writing current data to ./star_data/star-2020_12_23_11_19.csv
Writing current data to ./2020_data/all-2020_12_23_11_19.csv
Current fetch finished. Next fetch will be 2020-12-23 11:39:07

Writing current data to ./game_data/game-2020_12_23_11_39.csv
Writing current data to ./star_data/star-2020_12_23_11_39.csv
Writing current data to ./2020_data/all-2020_12_23_11_39.csv
Current fetch finished. Next fetch will be 2020-12-23 11:59:07

Writing current data to ./game_data/game-2020_12_23_11_59.csv
Writing current data to ./star_data/star-2020_12_23_11_59.csv
Writing current data to ./2020_data/all-2020_12_23_11_59.csv
Current fetch finished. Next fetch will be 2020-12-23 12:19:07

Writing current data to ./game_data/game-2020_12_23_12_19.csv
Writing current data to ./star_data/star-2020_12_23_12_19.csv
Writing current data to ./2020_data/all-2020_12_23_12_19.csv
Current fetch finished. Next fetch will be 2020-12-23 12:39:07

Writing current data to ./game_data/game-2020_12_23_12_39.csv
Writing current data to ./star_data/star-2020_12_23_12_39.csv
Writing current data to ./2020_data/all-2020_12_23_12_39.csv
Current fetch finished. Next fetch will be 2020-12-23 12:59:07

Writing current data to ./game_data/game-2020_12_23_12_59.csv
Writing current data to ./star_data/star-2020_12_23_12_59.csv
Writing current data to ./2020_data/all-2020_12_23_12_59.csv
Current fetch finished. Next fetch will be 2020-12-23 13:19:07

Writing current data to ./game_data/game-2020_12_23_13_19.csv
Writing current data to ./star_data/star-2020_12_23_13_19.csv
Writing current data to ./2020_data/all-2020_12_23_13_19.csv
Current fetch finished. Next fetch will be 2020-12-23 13:39:07

Writing current data to ./game_data/game-2020_12_23_13_39.csv
Writing current data to ./star_data/star-2020_12_23_13_39.csv
Writing current data to ./2020_data/all-2020_12_23_13_39.csv
Current fetch finished. Next fetch will be 2020-12-23 13:59:07

Writing current data to ./game_data/game-2020_12_23_13_59.csv
Writing current data to ./star_data/star-2020_12_23_13_59.csv
Writing current data to ./2020_data/all-2020_12_23_13_59.csv
Current fetch finished. Next fetch will be 2020-12-23 14:19:07

Writing current data to ./game_data/game-2020_12_23_14_19.csv
Writing current data to ./star_data/star-2020_12_23_14_19.csv
Writing current data to ./2020_data/all-2020_12_23_14_19.csv
Current fetch finished. Next fetch will be 2020-12-23 14:39:07

Writing current data to ./game_data/game-2020_12_23_14_39.csv
Writing current data to ./star_data/star-2020_12_23_14_39.csv
Writing current data to ./2020_data/all-2020_12_23_14_39.csv
Current fetch finished. Next fetch will be 2020-12-23 14:59:07

Writing current data to ./game_data/game-2020_12_23_14_59.csv
Writing current data to ./star_data/star-2020_12_23_14_59.csv
Writing current data to ./2020_data/all-2020_12_23_14_59.csv
Current fetch finished. Next fetch will be 2020-12-23 15:19:07

Writing current data to ./game_data/game-2020_12_23_15_19.csv
Writing current data to ./star_data/star-2020_12_23_15_19.csv
Writing current data to ./2020_data/all-2020_12_23_15_19.csv
Current fetch finished. Next fetch will be 2020-12-23 15:39:07

Writing current data to ./game_data/game-2020_12_23_15_39.csv
Writing current data to ./star_data/star-2020_12_23_15_39.csv
Writing current data to ./2020_data/all-2020_12_23_15_39.csv
Current fetch finished. Next fetch will be 2020-12-23 15:59:07

