Writing current data to ./game_data/game-2020_12_24_01_59.csv
Writing current data to ./star_data/star-2020_12_24_01_59.csv
Writing current data to ./2020_data/all-2020_12_24_01_59.csv
Current fetch finished. Next fetch will be 2020-12-24 02:19:05

Writing current data to ./game_data/game-2020_12_24_02_19.csv
Writing current data to ./star_data/star-2020_12_24_02_19.csv
Writing current data to ./2020_data/all-2020_12_24_02_19.csv
Current fetch finished. Next fetch will be 2020-12-24 02:39:05

Writing current data to ./game_data/game-2020_12_24_02_39.csv
Writing current data to ./star_data/star-2020_12_24_02_39.csv
Writing current data to ./2020_data/all-2020_12_24_02_39.csv
Current fetch finished. Next fetch will be 2020-12-24 02:59:07

Writing current data to ./game_data/game-2020_12_24_02_59.csv
Writing current data to ./star_data/star-2020_12_24_02_59.csv
Writing current data to ./2020_data/all-2020_12_24_02_59.csv
Current fetch finished. Next fetch will be 2020-12-24 03:19:07

Writing current data to ./game_data/game-2020_12_24_03_19.csv
Writing current data to ./star_data/star-2020_12_24_03_19.csv
Writing current data to ./2020_data/all-2020_12_24_03_19.csv
Current fetch finished. Next fetch will be 2020-12-24 03:39:07

Writing current data to ./game_data/game-2020_12_24_03_39.csv
Writing current data to ./star_data/star-2020_12_24_03_39.csv
Writing current data to ./2020_data/all-2020_12_24_03_39.csv
Current fetch finished. Next fetch will be 2020-12-24 03:59:07

Writing current data to ./game_data/game-2020_12_24_03_59.csv
Writing current data to ./star_data/star-2020_12_24_03_59.csv
Writing current data to ./2020_data/all-2020_12_24_03_59.csv
Current fetch finished. Next fetch will be 2020-12-24 04:19:07

Writing current data to ./game_data/game-2020_12_24_04_19.csv
Writing current data to ./star_data/star-2020_12_24_04_19.csv
Writing current data to ./2020_data/all-2020_12_24_04_19.csv
Current fetch finished. Next fetch will be 2020-12-24 04:39:07

Writing current data to ./game_data/game-2020_12_24_04_39.csv
Writing current data to ./star_data/star-2020_12_24_04_39.csv
Writing current data to ./2020_data/all-2020_12_24_04_39.csv
Current fetch finished. Next fetch will be 2020-12-24 04:59:07

Writing current data to ./game_data/game-2020_12_24_04_59.csv
Writing current data to ./star_data/star-2020_12_24_04_59.csv
Writing current data to ./2020_data/all-2020_12_24_04_59.csv
Current fetch finished. Next fetch will be 2020-12-24 05:19:07

Writing current data to ./game_data/game-2020_12_24_05_19.csv
Writing current data to ./star_data/star-2020_12_24_05_19.csv
Writing current data to ./2020_data/all-2020_12_24_05_19.csv
Current fetch finished. Next fetch will be 2020-12-24 05:39:07

Writing current data to ./game_data/game-2020_12_24_05_39.csv
Writing current data to ./star_data/star-2020_12_24_05_39.csv
Writing current data to ./2020_data/all-2020_12_24_05_39.csv
Current fetch finished. Next fetch will be 2020-12-24 05:59:07

Writing current data to ./game_data/game-2020_12_24_05_59.csv
Writing current data to ./star_data/star-2020_12_24_05_59.csv
Writing current data to ./2020_data/all-2020_12_24_05_59.csv
Current fetch finished. Next fetch will be 2020-12-24 06:19:07

Writing current data to ./game_data/game-2020_12_24_06_19.csv
Writing current data to ./star_data/star-2020_12_24_06_19.csv
Writing current data to ./2020_data/all-2020_12_24_06_19.csv
Current fetch finished. Next fetch will be 2020-12-24 06:39:07

Writing current data to ./game_data/game-2020_12_24_06_39.csv
Writing current data to ./star_data/star-2020_12_24_06_39.csv
Writing current data to ./2020_data/all-2020_12_24_06_39.csv
Current fetch finished. Next fetch will be 2020-12-24 06:59:07

Writing current data to ./game_data/game-2020_12_24_06_59.csv
Writing current data to ./star_data/star-2020_12_24_06_59.csv
Writing current data to ./2020_data/all-2020_12_24_06_59.csv
Current fetch finished. Next fetch will be 2020-12-24 07:19:07

Writing current data to ./game_data/game-2020_12_24_07_19.csv
Writing current data to ./star_data/star-2020_12_24_07_19.csv
Writing current data to ./2020_data/all-2020_12_24_07_19.csv
Current fetch finished. Next fetch will be 2020-12-24 07:39:07

Writing current data to ./game_data/game-2020_12_24_07_39.csv
Writing current data to ./star_data/star-2020_12_24_07_39.csv
Writing current data to ./2020_data/all-2020_12_24_07_39.csv
Current fetch finished. Next fetch will be 2020-12-24 07:59:07

Writing current data to ./game_data/game-2020_12_24_07_59.csv
Writing current data to ./star_data/star-2020_12_24_07_59.csv
Writing current data to ./2020_data/all-2020_12_24_07_59.csv
Current fetch finished. Next fetch will be 2020-12-24 08:19:07

Writing current data to ./game_data/game-2020_12_24_08_19.csv
Writing current data to ./star_data/star-2020_12_24_08_19.csv
Writing current data to ./2020_data/all-2020_12_24_08_19.csv
Current fetch finished. Next fetch will be 2020-12-24 08:39:07

Writing current data to ./game_data/game-2020_12_24_08_39.csv
Writing current data to ./star_data/star-2020_12_24_08_39.csv
Writing current data to ./2020_data/all-2020_12_24_08_39.csv
Current fetch finished. Next fetch will be 2020-12-24 08:59:07

Writing current data to ./game_data/game-2020_12_24_08_59.csv
Writing current data to ./star_data/star-2020_12_24_08_59.csv
Writing current data to ./2020_data/all-2020_12_24_08_59.csv
Current fetch finished. Next fetch will be 2020-12-24 09:19:07

Writing current data to ./game_data/game-2020_12_24_09_19.csv
Writing current data to ./star_data/star-2020_12_24_09_19.csv
Writing current data to ./2020_data/all-2020_12_24_09_19.csv
Current fetch finished. Next fetch will be 2020-12-24 09:39:07

Writing current data to ./game_data/game-2020_12_24_09_39.csv
Writing current data to ./star_data/star-2020_12_24_09_39.csv
Writing current data to ./2020_data/all-2020_12_24_09_39.csv
Current fetch finished. Next fetch will be 2020-12-24 09:59:07

Writing current data to ./game_data/game-2020_12_24_09_59.csv
Writing current data to ./star_data/star-2020_12_24_09_59.csv
Writing current data to ./2020_data/all-2020_12_24_09_59.csv
Current fetch finished. Next fetch will be 2020-12-24 10:19:07

Writing current data to ./game_data/game-2020_12_24_10_19.csv
Writing current data to ./star_data/star-2020_12_24_10_19.csv
Writing current data to ./2020_data/all-2020_12_24_10_19.csv
Current fetch finished. Next fetch will be 2020-12-24 10:39:07

Writing current data to ./game_data/game-2020_12_24_10_39.csv
Writing current data to ./star_data/star-2020_12_24_10_39.csv
Writing current data to ./2020_data/all-2020_12_24_10_39.csv
Current fetch finished. Next fetch will be 2020-12-24 10:59:07

Writing current data to ./game_data/game-2020_12_24_10_59.csv
Writing current data to ./star_data/star-2020_12_24_10_59.csv
Writing current data to ./2020_data/all-2020_12_24_10_59.csv
Current fetch finished. Next fetch will be 2020-12-24 11:19:07

Writing current data to ./game_data/game-2020_12_24_11_19.csv
Writing current data to ./star_data/star-2020_12_24_11_19.csv
Writing current data to ./2020_data/all-2020_12_24_11_19.csv
Current fetch finished. Next fetch will be 2020-12-24 11:39:07

Writing current data to ./game_data/game-2020_12_24_11_39.csv
Writing current data to ./star_data/star-2020_12_24_11_39.csv
Writing current data to ./2020_data/all-2020_12_24_11_39.csv
Current fetch finished. Next fetch will be 2020-12-24 11:59:07

Writing current data to ./game_data/game-2020_12_24_11_59.csv
Writing current data to ./star_data/star-2020_12_24_11_59.csv
Writing current data to ./2020_data/all-2020_12_24_11_59.csv
Current fetch finished. Next fetch will be 2020-12-24 12:19:07

Writing current data to ./game_data/game-2020_12_24_12_19.csv
Writing current data to ./star_data/star-2020_12_24_12_19.csv
Writing current data to ./2020_data/all-2020_12_24_12_19.csv
Current fetch finished. Next fetch will be 2020-12-24 12:39:07

Writing current data to ./game_data/game-2020_12_24_12_39.csv
Writing current data to ./star_data/star-2020_12_24_12_39.csv
Writing current data to ./2020_data/all-2020_12_24_12_39.csv
Current fetch finished. Next fetch will be 2020-12-24 12:59:07

Writing current data to ./game_data/game-2020_12_24_12_59.csv
Writing current data to ./star_data/star-2020_12_24_12_59.csv
Writing current data to ./2020_data/all-2020_12_24_12_59.csv
Current fetch finished. Next fetch will be 2020-12-24 13:19:07

Writing current data to ./game_data/game-2020_12_24_13_19.csv
Writing current data to ./star_data/star-2020_12_24_13_19.csv
Writing current data to ./2020_data/all-2020_12_24_13_19.csv
Current fetch finished. Next fetch will be 2020-12-24 13:39:07

Writing current data to ./game_data/game-2020_12_24_13_39.csv
Writing current data to ./star_data/star-2020_12_24_13_39.csv
Writing current data to ./2020_data/all-2020_12_24_13_39.csv
Current fetch finished. Next fetch will be 2020-12-24 13:59:07

Writing current data to ./game_data/game-2020_12_24_13_59.csv
Writing current data to ./star_data/star-2020_12_24_13_59.csv
Writing current data to ./2020_data/all-2020_12_24_13_59.csv
Current fetch finished. Next fetch will be 2020-12-24 14:19:07

Writing current data to ./game_data/game-2020_12_24_14_19.csv
Writing current data to ./star_data/star-2020_12_24_14_19.csv
Writing current data to ./2020_data/all-2020_12_24_14_19.csv
Current fetch finished. Next fetch will be 2020-12-24 14:39:07

Writing current data to ./game_data/game-2020_12_24_14_39.csv
Writing current data to ./star_data/star-2020_12_24_14_39.csv
Writing current data to ./2020_data/all-2020_12_24_14_39.csv
Current fetch finished. Next fetch will be 2020-12-24 14:59:07

Writing current data to ./game_data/game-2020_12_24_14_59.csv
Writing current data to ./star_data/star-2020_12_24_14_59.csv
Writing current data to ./2020_data/all-2020_12_24_14_59.csv
Current fetch finished. Next fetch will be 2020-12-24 15:19:07

Writing current data to ./game_data/game-2020_12_24_15_19.csv
Writing current data to ./star_data/star-2020_12_24_15_19.csv
Writing current data to ./2020_data/all-2020_12_24_15_19.csv
Current fetch finished. Next fetch will be 2020-12-24 15:39:07

Writing current data to ./game_data/game-2020_12_24_15_39.csv
Writing current data to ./star_data/star-2020_12_24_15_39.csv
Writing current data to ./2020_data/all-2020_12_24_15_39.csv
Current fetch finished. Next fetch will be 2020-12-24 15:59:07

Writing current data to ./game_data/game-2020_12_24_15_59.csv
Writing current data to ./star_data/star-2020_12_24_15_59.csv
Writing current data to ./2020_data/all-2020_12_24_15_59.csv
Current fetch finished. Next fetch will be 2020-12-24 16:19:07

Writing current data to ./game_data/game-2020_12_24_16_19.csv
Writing current data to ./star_data/star-2020_12_24_16_19.csv
Writing current data to ./2020_data/all-2020_12_24_16_19.csv
Current fetch finished. Next fetch will be 2020-12-24 16:39:07

Writing current data to ./game_data/game-2020_12_24_16_39.csv
Writing current data to ./star_data/star-2020_12_24_16_39.csv
Writing current data to ./2020_data/all-2020_12_24_16_39.csv
Current fetch finished. Next fetch will be 2020-12-24 16:59:07

Writing current data to ./game_data/game-2020_12_24_16_59.csv
Writing current data to ./star_data/star-2020_12_24_16_59.csv
Writing current data to ./2020_data/all-2020_12_24_16_59.csv
Current fetch finished. Next fetch will be 2020-12-24 17:19:07

Writing current data to ./game_data/game-2020_12_24_17_19.csv
Writing current data to ./star_data/star-2020_12_24_17_19.csv
Writing current data to ./2020_data/all-2020_12_24_17_19.csv
Current fetch finished. Next fetch will be 2020-12-24 17:39:07

Writing current data to ./game_data/game-2020_12_24_17_39.csv
Writing current data to ./star_data/star-2020_12_24_17_39.csv
Writing current data to ./2020_data/all-2020_12_24_17_39.csv
Current fetch finished. Next fetch will be 2020-12-24 17:59:07

Writing current data to ./game_data/game-2020_12_24_17_59.csv
Writing current data to ./star_data/star-2020_12_24_17_59.csv
Writing current data to ./2020_data/all-2020_12_24_17_59.csv
Current fetch finished. Next fetch will be 2020-12-24 18:19:07

Writing current data to ./game_data/game-2020_12_24_18_19.csv
Writing current data to ./star_data/star-2020_12_24_18_19.csv
Writing current data to ./2020_data/all-2020_12_24_18_19.csv
Current fetch finished. Next fetch will be 2020-12-24 18:39:07

Writing current data to ./game_data/game-2020_12_24_18_39.csv
Writing current data to ./star_data/star-2020_12_24_18_39.csv
Writing current data to ./2020_data/all-2020_12_24_18_39.csv
Current fetch finished. Next fetch will be 2020-12-24 18:59:07

Writing current data to ./game_data/game-2020_12_24_18_59.csv
Writing current data to ./star_data/star-2020_12_24_18_59.csv
Writing current data to ./2020_data/all-2020_12_24_18_59.csv
Current fetch finished. Next fetch will be 2020-12-24 19:19:07

Writing current data to ./game_data/game-2020_12_24_19_19.csv
Writing current data to ./star_data/star-2020_12_24_19_19.csv
Writing current data to ./2020_data/all-2020_12_24_19_19.csv
Current fetch finished. Next fetch will be 2020-12-24 19:39:07

Writing current data to ./game_data/game-2020_12_24_19_39.csv
Writing current data to ./star_data/star-2020_12_24_19_39.csv
Writing current data to ./2020_data/all-2020_12_24_19_39.csv
Current fetch finished. Next fetch will be 2020-12-24 19:59:07

Writing current data to ./game_data/game-2020_12_24_19_59.csv
Writing current data to ./star_data/star-2020_12_24_19_59.csv
Writing current data to ./2020_data/all-2020_12_24_19_59.csv
Current fetch finished. Next fetch will be 2020-12-24 20:19:07

Writing current data to ./game_data/game-2020_12_24_20_19.csv
Writing current data to ./star_data/star-2020_12_24_20_19.csv
Writing current data to ./2020_data/all-2020_12_24_20_19.csv
Current fetch finished. Next fetch will be 2020-12-24 20:39:07

Writing current data to ./game_data/game-2020_12_24_20_39.csv
Writing current data to ./star_data/star-2020_12_24_20_39.csv
Writing current data to ./2020_data/all-2020_12_24_20_39.csv
Current fetch finished. Next fetch will be 2020-12-24 20:59:07

Writing current data to ./game_data/game-2020_12_24_20_59.csv
Writing current data to ./star_data/star-2020_12_24_20_59.csv
Writing current data to ./2020_data/all-2020_12_24_20_59.csv
Current fetch finished. Next fetch will be 2020-12-24 21:19:07

Writing current data to ./game_data/game-2020_12_24_21_19.csv
Writing current data to ./star_data/star-2020_12_24_21_19.csv
Writing current data to ./2020_data/all-2020_12_24_21_19.csv
Current fetch finished. Next fetch will be 2020-12-24 21:39:07

Writing current data to ./game_data/game-2020_12_24_21_39.csv
Writing current data to ./star_data/star-2020_12_24_21_39.csv
Writing current data to ./2020_data/all-2020_12_24_21_39.csv
Current fetch finished. Next fetch will be 2020-12-24 21:59:07

Writing current data to ./game_data/game-2020_12_24_21_59.csv
Writing current data to ./star_data/star-2020_12_24_21_59.csv
Writing current data to ./2020_data/all-2020_12_24_21_59.csv
Current fetch finished. Next fetch will be 2020-12-24 22:19:07

Writing current data to ./game_data/game-2020_12_24_22_19.csv
Writing current data to ./star_data/star-2020_12_24_22_19.csv
Writing current data to ./2020_data/all-2020_12_24_22_19.csv
Current fetch finished. Next fetch will be 2020-12-24 22:39:07

Writing current data to ./game_data/game-2020_12_24_22_39.csv
Writing current data to ./star_data/star-2020_12_24_22_39.csv
Writing current data to ./2020_data/all-2020_12_24_22_39.csv
Current fetch finished. Next fetch will be 2020-12-24 22:59:07

Writing current data to ./game_data/game-2020_12_24_22_59.csv
Writing current data to ./star_data/star-2020_12_24_22_59.csv
Writing current data to ./2020_data/all-2020_12_24_22_59.csv
Current fetch finished. Next fetch will be 2020-12-24 23:19:07

Writing current data to ./game_data/game-2020_12_24_23_19.csv
Writing current data to ./star_data/star-2020_12_24_23_19.csv
Writing current data to ./2020_data/all-2020_12_24_23_19.csv
Current fetch finished. Next fetch will be 2020-12-24 23:39:07

Writing current data to ./game_data/game-2020_12_24_23_39.csv
Writing current data to ./star_data/star-2020_12_24_23_39.csv
Writing current data to ./2020_data/all-2020_12_24_23_39.csv
Current fetch finished. Next fetch will be 2020-12-24 23:59:07

Writing current data to ./game_data/game-2020_12_24_23_59.csv
Writing current data to ./star_data/star-2020_12_24_23_59.csv
Writing current data to ./2020_data/all-2020_12_24_23_59.csv
Current fetch finished. Next fetch will be 2020-12-25 00:19:07

Writing current data to ./game_data/game-2020_12_25_00_19.csv
Writing current data to ./star_data/star-2020_12_25_00_19.csv
Writing current data to ./2020_data/all-2020_12_25_00_19.csv
Current fetch finished. Next fetch will be 2020-12-25 00:39:07

Writing current data to ./game_data/game-2020_12_25_00_39.csv
Writing current data to ./star_data/star-2020_12_25_00_39.csv
Writing current data to ./2020_data/all-2020_12_25_00_39.csv
Current fetch finished. Next fetch will be 2020-12-25 00:59:07

Writing current data to ./game_data/game-2020_12_25_00_59.csv
Writing current data to ./star_data/star-2020_12_25_00_59.csv
Writing current data to ./2020_data/all-2020_12_25_00_59.csv
Current fetch finished. Next fetch will be 2020-12-25 01:19:07

Writing current data to ./game_data/game-2020_12_25_01_19.csv
Writing current data to ./star_data/star-2020_12_25_01_19.csv
Writing current data to ./2020_data/all-2020_12_25_01_19.csv
Current fetch finished. Next fetch will be 2020-12-25 01:39:07

Writing current data to ./game_data/game-2020_12_25_01_39.csv
Writing current data to ./star_data/star-2020_12_25_01_39.csv
Writing current data to ./2020_data/all-2020_12_25_01_39.csv
Current fetch finished. Next fetch will be 2020-12-25 01:59:07

Writing current data to ./game_data/game-2020_12_25_01_59.csv
Writing current data to ./star_data/star-2020_12_25_01_59.csv
Writing current data to ./2020_data/all-2020_12_25_01_59.csv
Current fetch finished. Next fetch will be 2020-12-25 02:19:07

Writing current data to ./game_data/game-2020_12_25_02_19.csv
Writing current data to ./star_data/star-2020_12_25_02_19.csv
Writing current data to ./2020_data/all-2020_12_25_02_19.csv
Current fetch finished. Next fetch will be 2020-12-25 02:39:07

Writing current data to ./game_data/game-2020_12_25_02_39.csv
Writing current data to ./star_data/star-2020_12_25_02_39.csv
Writing current data to ./2020_data/all-2020_12_25_02_39.csv
Current fetch finished. Next fetch will be 2020-12-25 02:59:07

Writing current data to ./game_data/game-2020_12_25_02_59.csv
Writing current data to ./star_data/star-2020_12_25_02_59.csv
Writing current data to ./2020_data/all-2020_12_25_02_59.csv
Current fetch finished. Next fetch will be 2020-12-25 03:19:07

Writing current data to ./game_data/game-2020_12_25_03_19.csv
Writing current data to ./star_data/star-2020_12_25_03_19.csv
Writing current data to ./2020_data/all-2020_12_25_03_19.csv
Current fetch finished. Next fetch will be 2020-12-25 03:39:07

Writing current data to ./game_data/game-2020_12_25_03_39.csv
Writing current data to ./star_data/star-2020_12_25_03_39.csv
Writing current data to ./2020_data/all-2020_12_25_03_39.csv
Current fetch finished. Next fetch will be 2020-12-25 03:59:07

Writing current data to ./game_data/game-2020_12_25_03_59.csv
Writing current data to ./star_data/star-2020_12_25_03_59.csv
Writing current data to ./2020_data/all-2020_12_25_03_59.csv
Current fetch finished. Next fetch will be 2020-12-25 04:19:07

Writing current data to ./game_data/game-2020_12_25_04_19.csv
Writing current data to ./star_data/star-2020_12_25_04_19.csv
Writing current data to ./2020_data/all-2020_12_25_04_19.csv
Current fetch finished. Next fetch will be 2020-12-25 04:39:07

Writing current data to ./game_data/game-2020_12_25_04_39.csv
Writing current data to ./star_data/star-2020_12_25_04_39.csv
Writing current data to ./2020_data/all-2020_12_25_04_39.csv
Current fetch finished. Next fetch will be 2020-12-25 04:59:08

Writing current data to ./game_data/game-2020_12_25_04_59.csv
Writing current data to ./star_data/star-2020_12_25_04_59.csv
Writing current data to ./2020_data/all-2020_12_25_04_59.csv
Current fetch finished. Next fetch will be 2020-12-25 05:19:08

Writing current data to ./game_data/game-2020_12_25_05_19.csv
Writing current data to ./star_data/star-2020_12_25_05_19.csv
Writing current data to ./2020_data/all-2020_12_25_05_19.csv
Current fetch finished. Next fetch will be 2020-12-25 05:39:08

Writing current data to ./game_data/game-2020_12_25_05_39.csv
Writing current data to ./star_data/star-2020_12_25_05_39.csv
Writing current data to ./2020_data/all-2020_12_25_05_39.csv
Current fetch finished. Next fetch will be 2020-12-25 05:59:08

Writing current data to ./game_data/game-2020_12_25_05_59.csv
Writing current data to ./star_data/star-2020_12_25_05_59.csv
Writing current data to ./2020_data/all-2020_12_25_05_59.csv
Current fetch finished. Next fetch will be 2020-12-25 06:19:08

Writing current data to ./game_data/game-2020_12_25_06_19.csv
Writing current data to ./star_data/star-2020_12_25_06_19.csv
Writing current data to ./2020_data/all-2020_12_25_06_19.csv
Current fetch finished. Next fetch will be 2020-12-25 06:39:08

Writing current data to ./game_data/game-2020_12_25_06_39.csv
Writing current data to ./star_data/star-2020_12_25_06_39.csv
Writing current data to ./2020_data/all-2020_12_25_06_39.csv
Current fetch finished. Next fetch will be 2020-12-25 06:59:08

Writing current data to ./game_data/game-2020_12_25_06_59.csv
Writing current data to ./star_data/star-2020_12_25_06_59.csv
Writing current data to ./2020_data/all-2020_12_25_06_59.csv
Current fetch finished. Next fetch will be 2020-12-25 07:19:08

Writing current data to ./game_data/game-2020_12_25_07_19.csv
Writing current data to ./star_data/star-2020_12_25_07_19.csv
Writing current data to ./2020_data/all-2020_12_25_07_19.csv
Current fetch finished. Next fetch will be 2020-12-25 07:39:08

Writing current data to ./game_data/game-2020_12_25_07_39.csv
Writing current data to ./star_data/star-2020_12_25_07_39.csv
Writing current data to ./2020_data/all-2020_12_25_07_39.csv
Current fetch finished. Next fetch will be 2020-12-25 07:59:08

Writing current data to ./game_data/game-2020_12_25_07_59.csv
Writing current data to ./star_data/star-2020_12_25_07_59.csv
Writing current data to ./2020_data/all-2020_12_25_07_59.csv
Current fetch finished. Next fetch will be 2020-12-25 08:19:08

Writing current data to ./game_data/game-2020_12_25_08_19.csv
Writing current data to ./star_data/star-2020_12_25_08_19.csv
Writing current data to ./2020_data/all-2020_12_25_08_19.csv
Current fetch finished. Next fetch will be 2020-12-25 08:39:08

Writing current data to ./game_data/game-2020_12_25_08_39.csv
Writing current data to ./star_data/star-2020_12_25_08_39.csv
Writing current data to ./2020_data/all-2020_12_25_08_39.csv
Current fetch finished. Next fetch will be 2020-12-25 08:59:08

Writing current data to ./game_data/game-2020_12_25_08_59.csv
Writing current data to ./star_data/star-2020_12_25_08_59.csv
Writing current data to ./2020_data/all-2020_12_25_08_59.csv
Current fetch finished. Next fetch will be 2020-12-25 09:19:08

Writing current data to ./game_data/game-2020_12_25_09_19.csv
Writing current data to ./star_data/star-2020_12_25_09_19.csv
Writing current data to ./2020_data/all-2020_12_25_09_19.csv
Current fetch finished. Next fetch will be 2020-12-25 09:39:08

Writing current data to ./game_data/game-2020_12_25_09_39.csv
Writing current data to ./star_data/star-2020_12_25_09_39.csv
Writing current data to ./2020_data/all-2020_12_25_09_39.csv
Current fetch finished. Next fetch will be 2020-12-25 09:59:08

Writing current data to ./game_data/game-2020_12_25_09_59.csv
Writing current data to ./star_data/star-2020_12_25_09_59.csv
Writing current data to ./2020_data/all-2020_12_25_09_59.csv
Current fetch finished. Next fetch will be 2020-12-25 10:19:08

Writing current data to ./game_data/game-2020_12_25_10_19.csv
Writing current data to ./star_data/star-2020_12_25_10_19.csv
Writing current data to ./2020_data/all-2020_12_25_10_19.csv
Current fetch finished. Next fetch will be 2020-12-25 10:39:08

Writing current data to ./game_data/game-2020_12_25_10_39.csv
Writing current data to ./star_data/star-2020_12_25_10_39.csv
Writing current data to ./2020_data/all-2020_12_25_10_39.csv
Current fetch finished. Next fetch will be 2020-12-25 10:59:08

Writing current data to ./game_data/game-2020_12_25_10_59.csv
Writing current data to ./star_data/star-2020_12_25_10_59.csv
Writing current data to ./2020_data/all-2020_12_25_10_59.csv
Current fetch finished. Next fetch will be 2020-12-25 11:19:08

Writing current data to ./game_data/game-2020_12_25_11_19.csv
Writing current data to ./star_data/star-2020_12_25_11_19.csv
Writing current data to ./2020_data/all-2020_12_25_11_19.csv
Current fetch finished. Next fetch will be 2020-12-25 11:39:08

Writing current data to ./game_data/game-2020_12_25_11_39.csv
Writing current data to ./star_data/star-2020_12_25_11_39.csv
Writing current data to ./2020_data/all-2020_12_25_11_39.csv
Current fetch finished. Next fetch will be 2020-12-25 11:59:08

Writing current data to ./game_data/game-2020_12_25_11_59.csv
Writing current data to ./star_data/star-2020_12_25_11_59.csv
Writing current data to ./2020_data/all-2020_12_25_11_59.csv
Current fetch finished. Next fetch will be 2020-12-25 12:19:08

Writing current data to ./game_data/game-2020_12_25_12_19.csv
Writing current data to ./star_data/star-2020_12_25_12_19.csv
Writing current data to ./2020_data/all-2020_12_25_12_19.csv
Current fetch finished. Next fetch will be 2020-12-25 12:39:08

Writing current data to ./game_data/game-2020_12_25_12_39.csv
Writing current data to ./star_data/star-2020_12_25_12_39.csv
Writing current data to ./2020_data/all-2020_12_25_12_39.csv
Current fetch finished. Next fetch will be 2020-12-25 12:59:08

Writing current data to ./game_data/game-2020_12_25_12_59.csv
Writing current data to ./star_data/star-2020_12_25_12_59.csv
Writing current data to ./2020_data/all-2020_12_25_12_59.csv
Current fetch finished. Next fetch will be 2020-12-25 13:19:08

Writing current data to ./game_data/game-2020_12_25_13_19.csv
Writing current data to ./star_data/star-2020_12_25_13_19.csv
Writing current data to ./2020_data/all-2020_12_25_13_19.csv
Current fetch finished. Next fetch will be 2020-12-25 13:39:08

Writing current data to ./game_data/game-2020_12_25_13_39.csv
Writing current data to ./star_data/star-2020_12_25_13_39.csv
Writing current data to ./2020_data/all-2020_12_25_13_39.csv
Current fetch finished. Next fetch will be 2020-12-25 13:59:08

Writing current data to ./game_data/game-2020_12_25_13_59.csv
Writing current data to ./star_data/star-2020_12_25_13_59.csv
Writing current data to ./2020_data/all-2020_12_25_13_59.csv
Current fetch finished. Next fetch will be 2020-12-25 14:19:08

Writing current data to ./game_data/game-2020_12_25_14_19.csv
Writing current data to ./star_data/star-2020_12_25_14_19.csv
Writing current data to ./2020_data/all-2020_12_25_14_19.csv
Current fetch finished. Next fetch will be 2020-12-25 14:39:08

Writing current data to ./game_data/game-2020_12_25_14_39.csv
Writing current data to ./star_data/star-2020_12_25_14_39.csv
Writing current data to ./2020_data/all-2020_12_25_14_39.csv
Current fetch finished. Next fetch will be 2020-12-25 14:59:08

Writing current data to ./game_data/game-2020_12_25_14_59.csv
Writing current data to ./star_data/star-2020_12_25_14_59.csv
Writing current data to ./2020_data/all-2020_12_25_14_59.csv
Current fetch finished. Next fetch will be 2020-12-25 15:19:08

Writing current data to ./game_data/game-2020_12_25_15_19.csv
Writing current data to ./star_data/star-2020_12_25_15_19.csv
Writing current data to ./2020_data/all-2020_12_25_15_19.csv
Current fetch finished. Next fetch will be 2020-12-25 15:39:08

Writing current data to ./game_data/game-2020_12_25_15_39.csv
Writing current data to ./star_data/star-2020_12_25_15_39.csv
Writing current data to ./2020_data/all-2020_12_25_15_39.csv
Current fetch finished. Next fetch will be 2020-12-25 15:59:08

Writing current data to ./game_data/game-2020_12_25_15_59.csv
Writing current data to ./star_data/star-2020_12_25_15_59.csv
Writing current data to ./2020_data/all-2020_12_25_15_59.csv
Current fetch finished. Next fetch will be 2020-12-25 16:19:08

Writing current data to ./game_data/game-2020_12_25_16_19.csv
Writing current data to ./star_data/star-2020_12_25_16_19.csv
Writing current data to ./2020_data/all-2020_12_25_16_19.csv
Current fetch finished. Next fetch will be 2020-12-25 16:39:08

Writing current data to ./game_data/game-2020_12_25_16_39.csv
Writing current data to ./star_data/star-2020_12_25_16_39.csv
Writing current data to ./2020_data/all-2020_12_25_16_39.csv
Current fetch finished. Next fetch will be 2020-12-25 16:59:08

Writing current data to ./game_data/game-2020_12_25_16_59.csv
Writing current data to ./star_data/star-2020_12_25_16_59.csv
Writing current data to ./2020_data/all-2020_12_25_16_59.csv
Current fetch finished. Next fetch will be 2020-12-25 17:19:08

Writing current data to ./game_data/game-2020_12_25_17_19.csv
Writing current data to ./star_data/star-2020_12_25_17_19.csv
Writing current data to ./2020_data/all-2020_12_25_17_19.csv
Current fetch finished. Next fetch will be 2020-12-25 17:39:08

Writing current data to ./game_data/game-2020_12_25_17_39.csv
Writing current data to ./star_data/star-2020_12_25_17_39.csv
Writing current data to ./2020_data/all-2020_12_25_17_39.csv
Current fetch finished. Next fetch will be 2020-12-25 17:59:08

Writing current data to ./game_data/game-2020_12_25_17_59.csv
Writing current data to ./star_data/star-2020_12_25_17_59.csv
Writing current data to ./2020_data/all-2020_12_25_17_59.csv
Current fetch finished. Next fetch will be 2020-12-25 18:19:08

Writing current data to ./game_data/game-2020_12_25_18_19.csv
Writing current data to ./star_data/star-2020_12_25_18_19.csv
Writing current data to ./2020_data/all-2020_12_25_18_19.csv
Current fetch finished. Next fetch will be 2020-12-25 18:39:08

Writing current data to ./game_data/game-2020_12_25_18_39.csv
Writing current data to ./star_data/star-2020_12_25_18_39.csv
Writing current data to ./2020_data/all-2020_12_25_18_39.csv
Current fetch finished. Next fetch will be 2020-12-25 18:59:08

Writing current data to ./game_data/game-2020_12_25_18_59.csv
Writing current data to ./star_data/star-2020_12_25_18_59.csv
Writing current data to ./2020_data/all-2020_12_25_18_59.csv
Current fetch finished. Next fetch will be 2020-12-25 19:19:08

Writing current data to ./game_data/game-2020_12_25_19_19.csv
Writing current data to ./star_data/star-2020_12_25_19_19.csv
Writing current data to ./2020_data/all-2020_12_25_19_19.csv
Current fetch finished. Next fetch will be 2020-12-25 19:39:08

Writing current data to ./game_data/game-2020_12_25_19_39.csv
Writing current data to ./star_data/star-2020_12_25_19_39.csv
Writing current data to ./2020_data/all-2020_12_25_19_39.csv
Current fetch finished. Next fetch will be 2020-12-25 19:59:08

Writing current data to ./game_data/game-2020_12_25_19_59.csv
Writing current data to ./star_data/star-2020_12_25_19_59.csv
Writing current data to ./2020_data/all-2020_12_25_19_59.csv
Current fetch finished. Next fetch will be 2020-12-25 20:19:08

Writing current data to ./game_data/game-2020_12_25_20_19.csv
Writing current data to ./star_data/star-2020_12_25_20_19.csv
Writing current data to ./2020_data/all-2020_12_25_20_19.csv
Current fetch finished. Next fetch will be 2020-12-25 20:39:08

Writing current data to ./game_data/game-2020_12_25_20_39.csv
Writing current data to ./star_data/star-2020_12_25_20_39.csv
Writing current data to ./2020_data/all-2020_12_25_20_39.csv
Current fetch finished. Next fetch will be 2020-12-25 20:59:08

Writing current data to ./game_data/game-2020_12_25_20_59.csv
Writing current data to ./star_data/star-2020_12_25_20_59.csv
Writing current data to ./2020_data/all-2020_12_25_20_59.csv
Current fetch finished. Next fetch will be 2020-12-25 21:19:08

Writing current data to ./game_data/game-2020_12_25_21_19.csv
Writing current data to ./star_data/star-2020_12_25_21_19.csv
Writing current data to ./2020_data/all-2020_12_25_21_19.csv
Current fetch finished. Next fetch will be 2020-12-25 21:39:08

Writing current data to ./game_data/game-2020_12_25_21_39.csv
Writing current data to ./star_data/star-2020_12_25_21_39.csv
Writing current data to ./2020_data/all-2020_12_25_21_39.csv
Current fetch finished. Next fetch will be 2020-12-25 21:59:08

Writing current data to ./game_data/game-2020_12_25_21_59.csv
Writing current data to ./star_data/star-2020_12_25_21_59.csv
Writing current data to ./2020_data/all-2020_12_25_21_59.csv
Current fetch finished. Next fetch will be 2020-12-25 22:19:08

Writing current data to ./game_data/game-2020_12_25_22_19.csv
Writing current data to ./star_data/star-2020_12_25_22_19.csv
Writing current data to ./2020_data/all-2020_12_25_22_19.csv
Current fetch finished. Next fetch will be 2020-12-25 22:39:08

Writing current data to ./game_data/game-2020_12_25_22_39.csv
Writing current data to ./star_data/star-2020_12_25_22_39.csv
Writing current data to ./2020_data/all-2020_12_25_22_39.csv
Current fetch finished. Next fetch will be 2020-12-25 22:59:08

Writing current data to ./game_data/game-2020_12_25_22_59.csv
Writing current data to ./star_data/star-2020_12_25_22_59.csv
Writing current data to ./2020_data/all-2020_12_25_22_59.csv
Current fetch finished. Next fetch will be 2020-12-25 23:19:08

Writing current data to ./game_data/game-2020_12_25_23_19.csv
Writing current data to ./star_data/star-2020_12_25_23_19.csv
Writing current data to ./2020_data/all-2020_12_25_23_19.csv
Current fetch finished. Next fetch will be 2020-12-25 23:39:08

Writing current data to ./game_data/game-2020_12_25_23_39.csv
Writing current data to ./star_data/star-2020_12_25_23_39.csv
Writing current data to ./2020_data/all-2020_12_25_23_39.csv
Current fetch finished. Next fetch will be 2020-12-25 23:59:08

Writing current data to ./game_data/game-2020_12_25_23_59.csv
Writing current data to ./star_data/star-2020_12_25_23_59.csv
Writing current data to ./2020_data/all-2020_12_25_23_59.csv
Current fetch finished. Next fetch will be 2020-12-26 00:19:08

Writing current data to ./game_data/game-2020_12_26_00_19.csv
Writing current data to ./star_data/star-2020_12_26_00_19.csv
Writing current data to ./2020_data/all-2020_12_26_00_19.csv
Current fetch finished. Next fetch will be 2020-12-26 00:39:08

Writing current data to ./game_data/game-2020_12_26_00_39.csv
Writing current data to ./star_data/star-2020_12_26_00_39.csv
Writing current data to ./2020_data/all-2020_12_26_00_39.csv
Current fetch finished. Next fetch will be 2020-12-26 00:59:08

Writing current data to ./game_data/game-2020_12_26_00_59.csv
Writing current data to ./star_data/star-2020_12_26_00_59.csv
Writing current data to ./2020_data/all-2020_12_26_00_59.csv
Current fetch finished. Next fetch will be 2020-12-26 01:19:08

Writing current data to ./game_data/game-2020_12_26_01_19.csv
Writing current data to ./star_data/star-2020_12_26_01_19.csv
Writing current data to ./2020_data/all-2020_12_26_01_19.csv
Current fetch finished. Next fetch will be 2020-12-26 01:39:08

Writing current data to ./game_data/game-2020_12_26_01_39.csv
Writing current data to ./star_data/star-2020_12_26_01_39.csv
Writing current data to ./2020_data/all-2020_12_26_01_39.csv
Current fetch finished. Next fetch will be 2020-12-26 01:59:08

Writing current data to ./game_data/game-2020_12_26_01_59.csv
Writing current data to ./star_data/star-2020_12_26_01_59.csv
Writing current data to ./2020_data/all-2020_12_26_01_59.csv
Current fetch finished. Next fetch will be 2020-12-26 02:19:08

Writing current data to ./game_data/game-2020_12_26_02_19.csv
Writing current data to ./star_data/star-2020_12_26_02_19.csv
Writing current data to ./2020_data/all-2020_12_26_02_19.csv
Current fetch finished. Next fetch will be 2020-12-26 02:39:08

Writing current data to ./game_data/game-2020_12_26_02_39.csv
Writing current data to ./star_data/star-2020_12_26_02_39.csv
Writing current data to ./2020_data/all-2020_12_26_02_39.csv
Current fetch finished. Next fetch will be 2020-12-26 02:59:08

Writing current data to ./game_data/game-2020_12_26_02_59.csv
Writing current data to ./star_data/star-2020_12_26_02_59.csv
Writing current data to ./2020_data/all-2020_12_26_02_59.csv
Current fetch finished. Next fetch will be 2020-12-26 03:19:08

Writing current data to ./game_data/game-2020_12_26_03_19.csv
Writing current data to ./star_data/star-2020_12_26_03_19.csv
Writing current data to ./2020_data/all-2020_12_26_03_19.csv
Current fetch finished. Next fetch will be 2020-12-26 03:39:08

Writing current data to ./game_data/game-2020_12_26_03_39.csv
Writing current data to ./star_data/star-2020_12_26_03_39.csv
Writing current data to ./2020_data/all-2020_12_26_03_39.csv
Current fetch finished. Next fetch will be 2020-12-26 03:59:08

Writing current data to ./game_data/game-2020_12_26_03_59.csv
Writing current data to ./star_data/star-2020_12_26_03_59.csv
Writing current data to ./2020_data/all-2020_12_26_03_59.csv
Current fetch finished. Next fetch will be 2020-12-26 04:19:08

Writing current data to ./game_data/game-2020_12_26_04_19.csv
Writing current data to ./star_data/star-2020_12_26_04_19.csv
Writing current data to ./2020_data/all-2020_12_26_04_19.csv
Current fetch finished. Next fetch will be 2020-12-26 04:39:08

Writing current data to ./game_data/game-2020_12_26_04_39.csv
Writing current data to ./star_data/star-2020_12_26_04_39.csv
Writing current data to ./2020_data/all-2020_12_26_04_39.csv
Current fetch finished. Next fetch will be 2020-12-26 04:59:08

Writing current data to ./game_data/game-2020_12_26_04_59.csv
Writing current data to ./star_data/star-2020_12_26_04_59.csv
Writing current data to ./2020_data/all-2020_12_26_04_59.csv
Current fetch finished. Next fetch will be 2020-12-26 05:19:08

Writing current data to ./game_data/game-2020_12_26_05_19.csv
Writing current data to ./star_data/star-2020_12_26_05_19.csv
Writing current data to ./2020_data/all-2020_12_26_05_19.csv
Current fetch finished. Next fetch will be 2020-12-26 05:39:08

Writing current data to ./game_data/game-2020_12_26_05_39.csv
Writing current data to ./star_data/star-2020_12_26_05_39.csv
Writing current data to ./2020_data/all-2020_12_26_05_39.csv
Current fetch finished. Next fetch will be 2020-12-26 05:59:08

Writing current data to ./game_data/game-2020_12_26_05_59.csv
Writing current data to ./star_data/star-2020_12_26_05_59.csv
Writing current data to ./2020_data/all-2020_12_26_05_59.csv
Current fetch finished. Next fetch will be 2020-12-26 06:19:08

Writing current data to ./game_data/game-2020_12_26_06_19.csv
Writing current data to ./star_data/star-2020_12_26_06_19.csv
Writing current data to ./2020_data/all-2020_12_26_06_19.csv
Current fetch finished. Next fetch will be 2020-12-26 06:39:08

Writing current data to ./game_data/game-2020_12_26_06_39.csv
Writing current data to ./star_data/star-2020_12_26_06_39.csv
Writing current data to ./2020_data/all-2020_12_26_06_39.csv
Current fetch finished. Next fetch will be 2020-12-26 06:59:09

Writing current data to ./game_data/game-2020_12_26_06_59.csv
Writing current data to ./star_data/star-2020_12_26_06_59.csv
Writing current data to ./2020_data/all-2020_12_26_06_59.csv
Current fetch finished. Next fetch will be 2020-12-26 07:19:09

Writing current data to ./game_data/game-2020_12_26_07_19.csv
Writing current data to ./star_data/star-2020_12_26_07_19.csv
Writing current data to ./2020_data/all-2020_12_26_07_19.csv
Current fetch finished. Next fetch will be 2020-12-26 07:39:09

Writing current data to ./game_data/game-2020_12_26_07_39.csv
Writing current data to ./star_data/star-2020_12_26_07_39.csv
Writing current data to ./2020_data/all-2020_12_26_07_39.csv
Current fetch finished. Next fetch will be 2020-12-26 07:59:09

Writing current data to ./game_data/game-2020_12_26_07_59.csv
Writing current data to ./star_data/star-2020_12_26_07_59.csv
Writing current data to ./2020_data/all-2020_12_26_07_59.csv
Current fetch finished. Next fetch will be 2020-12-26 08:19:09

Writing current data to ./game_data/game-2020_12_26_08_19.csv
Writing current data to ./star_data/star-2020_12_26_08_19.csv
Writing current data to ./2020_data/all-2020_12_26_08_19.csv
Current fetch finished. Next fetch will be 2020-12-26 08:39:09

Writing current data to ./game_data/game-2020_12_26_08_39.csv
Writing current data to ./star_data/star-2020_12_26_08_39.csv
Writing current data to ./2020_data/all-2020_12_26_08_39.csv
Current fetch finished. Next fetch will be 2020-12-26 08:59:09

Writing current data to ./game_data/game-2020_12_26_08_59.csv
Writing current data to ./star_data/star-2020_12_26_08_59.csv
Writing current data to ./2020_data/all-2020_12_26_08_59.csv
Current fetch finished. Next fetch will be 2020-12-26 09:19:09

Writing current data to ./game_data/game-2020_12_26_09_19.csv
Writing current data to ./star_data/star-2020_12_26_09_19.csv
Writing current data to ./2020_data/all-2020_12_26_09_19.csv
Current fetch finished. Next fetch will be 2020-12-26 09:39:09

Writing current data to ./game_data/game-2020_12_26_09_39.csv
Writing current data to ./star_data/star-2020_12_26_09_39.csv
Writing current data to ./2020_data/all-2020_12_26_09_39.csv
Current fetch finished. Next fetch will be 2020-12-26 09:59:09

Writing current data to ./game_data/game-2020_12_26_09_59.csv
Writing current data to ./star_data/star-2020_12_26_09_59.csv
Writing current data to ./2020_data/all-2020_12_26_09_59.csv
Current fetch finished. Next fetch will be 2020-12-26 10:19:09

Writing current data to ./game_data/game-2020_12_26_10_19.csv
Writing current data to ./star_data/star-2020_12_26_10_19.csv
Writing current data to ./2020_data/all-2020_12_26_10_19.csv
Current fetch finished. Next fetch will be 2020-12-26 10:39:09

Writing current data to ./game_data/game-2020_12_26_10_39.csv
Writing current data to ./star_data/star-2020_12_26_10_39.csv
Writing current data to ./2020_data/all-2020_12_26_10_39.csv
Current fetch finished. Next fetch will be 2020-12-26 10:59:09

Writing current data to ./game_data/game-2020_12_26_10_59.csv
Writing current data to ./star_data/star-2020_12_26_10_59.csv
Writing current data to ./2020_data/all-2020_12_26_10_59.csv
Current fetch finished. Next fetch will be 2020-12-26 11:19:09

Writing current data to ./game_data/game-2020_12_26_11_19.csv
Writing current data to ./star_data/star-2020_12_26_11_19.csv
Writing current data to ./2020_data/all-2020_12_26_11_19.csv
Current fetch finished. Next fetch will be 2020-12-26 11:39:09

Writing current data to ./game_data/game-2020_12_26_11_39.csv
Writing current data to ./star_data/star-2020_12_26_11_39.csv
Writing current data to ./2020_data/all-2020_12_26_11_39.csv
Current fetch finished. Next fetch will be 2020-12-26 11:59:09

Writing current data to ./game_data/game-2020_12_26_11_59.csv
Writing current data to ./star_data/star-2020_12_26_11_59.csv
Writing current data to ./2020_data/all-2020_12_26_11_59.csv
Current fetch finished. Next fetch will be 2020-12-26 12:19:09

Writing current data to ./game_data/game-2020_12_26_12_19.csv
Writing current data to ./star_data/star-2020_12_26_12_19.csv
Writing current data to ./2020_data/all-2020_12_26_12_19.csv
Current fetch finished. Next fetch will be 2020-12-26 12:39:09

Writing current data to ./game_data/game-2020_12_26_12_39.csv
Writing current data to ./star_data/star-2020_12_26_12_39.csv
Writing current data to ./2020_data/all-2020_12_26_12_39.csv
Current fetch finished. Next fetch will be 2020-12-26 12:59:09

Writing current data to ./game_data/game-2020_12_26_12_59.csv
Writing current data to ./star_data/star-2020_12_26_12_59.csv
Writing current data to ./2020_data/all-2020_12_26_12_59.csv
Current fetch finished. Next fetch will be 2020-12-26 13:19:09

Writing current data to ./game_data/game-2020_12_26_13_19.csv
Writing current data to ./star_data/star-2020_12_26_13_19.csv
Writing current data to ./2020_data/all-2020_12_26_13_19.csv
Current fetch finished. Next fetch will be 2020-12-26 13:39:09

Writing current data to ./game_data/game-2020_12_26_13_39.csv
Writing current data to ./star_data/star-2020_12_26_13_39.csv
Writing current data to ./2020_data/all-2020_12_26_13_39.csv
Current fetch finished. Next fetch will be 2020-12-26 13:59:09

Writing current data to ./game_data/game-2020_12_26_13_59.csv
Writing current data to ./star_data/star-2020_12_26_13_59.csv
Writing current data to ./2020_data/all-2020_12_26_13_59.csv
Current fetch finished. Next fetch will be 2020-12-26 14:19:09

Writing current data to ./game_data/game-2020_12_26_14_19.csv
Writing current data to ./star_data/star-2020_12_26_14_19.csv
Writing current data to ./2020_data/all-2020_12_26_14_19.csv
Current fetch finished. Next fetch will be 2020-12-26 14:39:09

Writing current data to ./game_data/game-2020_12_26_14_39.csv
Writing current data to ./star_data/star-2020_12_26_14_39.csv
Writing current data to ./2020_data/all-2020_12_26_14_39.csv
Current fetch finished. Next fetch will be 2020-12-26 14:59:09

Writing current data to ./game_data/game-2020_12_26_14_59.csv
Writing current data to ./star_data/star-2020_12_26_14_59.csv
Writing current data to ./2020_data/all-2020_12_26_14_59.csv
Current fetch finished. Next fetch will be 2020-12-26 15:19:09

Writing current data to ./game_data/game-2020_12_26_15_19.csv
Writing current data to ./star_data/star-2020_12_26_15_19.csv
Writing current data to ./2020_data/all-2020_12_26_15_19.csv
Current fetch finished. Next fetch will be 2020-12-26 15:39:09

Writing current data to ./game_data/game-2020_12_26_15_39.csv
Writing current data to ./star_data/star-2020_12_26_15_39.csv
Writing current data to ./2020_data/all-2020_12_26_15_39.csv
Current fetch finished. Next fetch will be 2020-12-26 15:59:09

Writing current data to ./game_data/game-2020_12_26_15_59.csv
Writing current data to ./star_data/star-2020_12_26_15_59.csv
Writing current data to ./2020_data/all-2020_12_26_15_59.csv
Current fetch finished. Next fetch will be 2020-12-26 16:19:09

Writing current data to ./game_data/game-2020_12_26_16_19.csv
Writing current data to ./star_data/star-2020_12_26_16_19.csv
Writing current data to ./2020_data/all-2020_12_26_16_19.csv
Current fetch finished. Next fetch will be 2020-12-26 16:39:09

Writing current data to ./game_data/game-2020_12_26_16_39.csv
Writing current data to ./star_data/star-2020_12_26_16_39.csv
Writing current data to ./2020_data/all-2020_12_26_16_39.csv
Current fetch finished. Next fetch will be 2020-12-26 16:59:09

Writing current data to ./game_data/game-2020_12_26_16_59.csv
Writing current data to ./star_data/star-2020_12_26_16_59.csv
Writing current data to ./2020_data/all-2020_12_26_16_59.csv
Current fetch finished. Next fetch will be 2020-12-26 17:19:09

Writing current data to ./game_data/game-2020_12_26_17_19.csv
Writing current data to ./star_data/star-2020_12_26_17_19.csv
Writing current data to ./2020_data/all-2020_12_26_17_19.csv
Current fetch finished. Next fetch will be 2020-12-26 17:39:09

Writing current data to ./game_data/game-2020_12_26_17_39.csv
Writing current data to ./star_data/star-2020_12_26_17_39.csv
Writing current data to ./2020_data/all-2020_12_26_17_39.csv
Current fetch finished. Next fetch will be 2020-12-26 17:59:09

Writing current data to ./game_data/game-2020_12_26_17_59.csv
Writing current data to ./star_data/star-2020_12_26_17_59.csv
Writing current data to ./2020_data/all-2020_12_26_17_59.csv
Current fetch finished. Next fetch will be 2020-12-26 18:19:09

Writing current data to ./game_data/game-2020_12_26_18_19.csv
Writing current data to ./star_data/star-2020_12_26_18_19.csv
Writing current data to ./2020_data/all-2020_12_26_18_19.csv
Current fetch finished. Next fetch will be 2020-12-26 18:39:09

Writing current data to ./game_data/game-2020_12_26_18_39.csv
Writing current data to ./star_data/star-2020_12_26_18_39.csv
Writing current data to ./2020_data/all-2020_12_26_18_39.csv
Current fetch finished. Next fetch will be 2020-12-26 18:59:09

Writing current data to ./game_data/game-2020_12_26_18_59.csv
Writing current data to ./star_data/star-2020_12_26_18_59.csv
Writing current data to ./2020_data/all-2020_12_26_18_59.csv
Current fetch finished. Next fetch will be 2020-12-26 19:19:09

Writing current data to ./game_data/game-2020_12_26_19_19.csv
Writing current data to ./star_data/star-2020_12_26_19_19.csv
Writing current data to ./2020_data/all-2020_12_26_19_19.csv
Current fetch finished. Next fetch will be 2020-12-26 19:39:09

Writing current data to ./game_data/game-2020_12_26_19_39.csv
Writing current data to ./star_data/star-2020_12_26_19_39.csv
Writing current data to ./2020_data/all-2020_12_26_19_39.csv
Current fetch finished. Next fetch will be 2020-12-26 19:59:09

Writing current data to ./game_data/game-2020_12_26_19_59.csv
Writing current data to ./star_data/star-2020_12_26_19_59.csv
Writing current data to ./2020_data/all-2020_12_26_19_59.csv
Current fetch finished. Next fetch will be 2020-12-26 20:19:09

Writing current data to ./game_data/game-2020_12_26_20_19.csv
Writing current data to ./star_data/star-2020_12_26_20_19.csv
Writing current data to ./2020_data/all-2020_12_26_20_19.csv
Current fetch finished. Next fetch will be 2020-12-26 20:39:09

Writing current data to ./game_data/game-2020_12_26_20_39.csv
Writing current data to ./star_data/star-2020_12_26_20_39.csv
Writing current data to ./2020_data/all-2020_12_26_20_39.csv
Current fetch finished. Next fetch will be 2020-12-26 20:59:09

Writing current data to ./game_data/game-2020_12_26_20_59.csv
Writing current data to ./star_data/star-2020_12_26_20_59.csv
Writing current data to ./2020_data/all-2020_12_26_20_59.csv
Current fetch finished. Next fetch will be 2020-12-26 21:19:09

Writing current data to ./game_data/game-2020_12_26_21_19.csv
Writing current data to ./star_data/star-2020_12_26_21_19.csv
Writing current data to ./2020_data/all-2020_12_26_21_19.csv
Current fetch finished. Next fetch will be 2020-12-26 21:39:09

Writing current data to ./game_data/game-2020_12_26_21_39.csv
Writing current data to ./star_data/star-2020_12_26_21_39.csv
Writing current data to ./2020_data/all-2020_12_26_21_39.csv
Current fetch finished. Next fetch will be 2020-12-26 21:59:09

Writing current data to ./game_data/game-2020_12_26_21_59.csv
Writing current data to ./star_data/star-2020_12_26_21_59.csv
Writing current data to ./2020_data/all-2020_12_26_21_59.csv
Current fetch finished. Next fetch will be 2020-12-26 22:19:09

Writing current data to ./game_data/game-2020_12_26_22_19.csv
Writing current data to ./star_data/star-2020_12_26_22_19.csv
Writing current data to ./2020_data/all-2020_12_26_22_19.csv
Current fetch finished. Next fetch will be 2020-12-26 22:39:09

Writing current data to ./game_data/game-2020_12_26_22_39.csv
Writing current data to ./star_data/star-2020_12_26_22_39.csv
Writing current data to ./2020_data/all-2020_12_26_22_39.csv
Current fetch finished. Next fetch will be 2020-12-26 22:59:09

Writing current data to ./game_data/game-2020_12_26_22_59.csv
Writing current data to ./star_data/star-2020_12_26_22_59.csv
Writing current data to ./2020_data/all-2020_12_26_22_59.csv
Current fetch finished. Next fetch will be 2020-12-26 23:19:09

Writing current data to ./game_data/game-2020_12_26_23_19.csv
Writing current data to ./star_data/star-2020_12_26_23_19.csv
Writing current data to ./2020_data/all-2020_12_26_23_19.csv
Current fetch finished. Next fetch will be 2020-12-26 23:39:09

Writing current data to ./game_data/game-2020_12_26_23_39.csv
Writing current data to ./star_data/star-2020_12_26_23_39.csv
Writing current data to ./2020_data/all-2020_12_26_23_39.csv
Current fetch finished. Next fetch will be 2020-12-26 23:59:09

Writing current data to ./game_data/game-2020_12_26_23_59.csv
Writing current data to ./star_data/star-2020_12_26_23_59.csv
Writing current data to ./2020_data/all-2020_12_26_23_59.csv
Current fetch finished. Next fetch will be 2020-12-27 00:19:09

Writing current data to ./game_data/game-2020_12_27_00_19.csv
Writing current data to ./star_data/star-2020_12_27_00_19.csv
Writing current data to ./2020_data/all-2020_12_27_00_19.csv
Current fetch finished. Next fetch will be 2020-12-27 00:39:09

Writing current data to ./game_data/game-2020_12_27_00_39.csv
Writing current data to ./star_data/star-2020_12_27_00_39.csv
Writing current data to ./2020_data/all-2020_12_27_00_39.csv
Current fetch finished. Next fetch will be 2020-12-27 00:59:09

Writing current data to ./game_data/game-2020_12_27_00_59.csv
Writing current data to ./star_data/star-2020_12_27_00_59.csv
Writing current data to ./2020_data/all-2020_12_27_00_59.csv
Current fetch finished. Next fetch will be 2020-12-27 01:19:09

Writing current data to ./game_data/game-2020_12_27_01_19.csv
Writing current data to ./star_data/star-2020_12_27_01_19.csv
Writing current data to ./2020_data/all-2020_12_27_01_19.csv
Current fetch finished. Next fetch will be 2020-12-27 01:39:09

Writing current data to ./game_data/game-2020_12_27_01_39.csv
Writing current data to ./star_data/star-2020_12_27_01_39.csv
Writing current data to ./2020_data/all-2020_12_27_01_39.csv
Current fetch finished. Next fetch will be 2020-12-27 01:59:09

Writing current data to ./game_data/game-2020_12_27_01_59.csv
Writing current data to ./star_data/star-2020_12_27_01_59.csv
Writing current data to ./2020_data/all-2020_12_27_01_59.csv
Current fetch finished. Next fetch will be 2020-12-27 02:19:09

Writing current data to ./game_data/game-2020_12_27_02_19.csv
Writing current data to ./star_data/star-2020_12_27_02_19.csv
Writing current data to ./2020_data/all-2020_12_27_02_19.csv
Current fetch finished. Next fetch will be 2020-12-27 02:39:09

Writing current data to ./game_data/game-2020_12_27_02_39.csv
Writing current data to ./star_data/star-2020_12_27_02_39.csv
Writing current data to ./2020_data/all-2020_12_27_02_39.csv
Current fetch finished. Next fetch will be 2020-12-27 02:59:09

Writing current data to ./game_data/game-2020_12_27_02_59.csv
Writing current data to ./star_data/star-2020_12_27_02_59.csv
Writing current data to ./2020_data/all-2020_12_27_02_59.csv
Current fetch finished. Next fetch will be 2020-12-27 03:19:09

Writing current data to ./game_data/game-2020_12_27_03_19.csv
Writing current data to ./star_data/star-2020_12_27_03_19.csv
Writing current data to ./2020_data/all-2020_12_27_03_19.csv
Current fetch finished. Next fetch will be 2020-12-27 03:39:09

Writing current data to ./game_data/game-2020_12_27_03_39.csv
Writing current data to ./star_data/star-2020_12_27_03_39.csv
Writing current data to ./2020_data/all-2020_12_27_03_39.csv
Current fetch finished. Next fetch will be 2020-12-27 03:59:09

Writing current data to ./game_data/game-2020_12_27_03_59.csv
Writing current data to ./star_data/star-2020_12_27_03_59.csv
Writing current data to ./2020_data/all-2020_12_27_03_59.csv
Current fetch finished. Next fetch will be 2020-12-27 04:19:09

Writing current data to ./game_data/game-2020_12_27_04_19.csv
Writing current data to ./star_data/star-2020_12_27_04_19.csv
Writing current data to ./2020_data/all-2020_12_27_04_19.csv
Current fetch finished. Next fetch will be 2020-12-27 04:39:09

Writing current data to ./game_data/game-2020_12_27_04_39.csv
Writing current data to ./star_data/star-2020_12_27_04_39.csv
Writing current data to ./2020_data/all-2020_12_27_04_39.csv
Current fetch finished. Next fetch will be 2020-12-27 04:59:09

Writing current data to ./game_data/game-2020_12_27_04_59.csv
Writing current data to ./star_data/star-2020_12_27_04_59.csv
Writing current data to ./2020_data/all-2020_12_27_04_59.csv
Current fetch finished. Next fetch will be 2020-12-27 05:19:09

Writing current data to ./game_data/game-2020_12_27_05_19.csv
Writing current data to ./star_data/star-2020_12_27_05_19.csv
Writing current data to ./2020_data/all-2020_12_27_05_19.csv
Current fetch finished. Next fetch will be 2020-12-27 05:39:09

Writing current data to ./game_data/game-2020_12_27_05_39.csv
Writing current data to ./star_data/star-2020_12_27_05_39.csv
Writing current data to ./2020_data/all-2020_12_27_05_39.csv
Current fetch finished. Next fetch will be 2020-12-27 05:59:09

Writing current data to ./game_data/game-2020_12_27_05_59.csv
Writing current data to ./star_data/star-2020_12_27_05_59.csv
Writing current data to ./2020_data/all-2020_12_27_05_59.csv
Current fetch finished. Next fetch will be 2020-12-27 06:19:09

Writing current data to ./game_data/game-2020_12_27_06_19.csv
Writing current data to ./star_data/star-2020_12_27_06_19.csv
Writing current data to ./2020_data/all-2020_12_27_06_19.csv
Current fetch finished. Next fetch will be 2020-12-27 06:39:09

Writing current data to ./game_data/game-2020_12_27_06_39.csv
Writing current data to ./star_data/star-2020_12_27_06_39.csv
Writing current data to ./2020_data/all-2020_12_27_06_39.csv
Current fetch finished. Next fetch will be 2020-12-27 06:59:10

Writing current data to ./game_data/game-2020_12_27_06_59.csv
Writing current data to ./star_data/star-2020_12_27_06_59.csv
Writing current data to ./2020_data/all-2020_12_27_06_59.csv
Current fetch finished. Next fetch will be 2020-12-27 07:19:10

Writing current data to ./game_data/game-2020_12_27_07_19.csv
Writing current data to ./star_data/star-2020_12_27_07_19.csv
Writing current data to ./2020_data/all-2020_12_27_07_19.csv
Current fetch finished. Next fetch will be 2020-12-27 07:39:10

Writing current data to ./game_data/game-2020_12_27_07_39.csv
Writing current data to ./star_data/star-2020_12_27_07_39.csv
Writing current data to ./2020_data/all-2020_12_27_07_39.csv
Current fetch finished. Next fetch will be 2020-12-27 07:59:10

Writing current data to ./game_data/game-2020_12_27_07_59.csv
Writing current data to ./star_data/star-2020_12_27_07_59.csv
Writing current data to ./2020_data/all-2020_12_27_07_59.csv
Current fetch finished. Next fetch will be 2020-12-27 08:19:10

Writing current data to ./game_data/game-2020_12_27_08_19.csv
Writing current data to ./star_data/star-2020_12_27_08_19.csv
Writing current data to ./2020_data/all-2020_12_27_08_19.csv
Current fetch finished. Next fetch will be 2020-12-27 08:39:10

Writing current data to ./game_data/game-2020_12_27_08_39.csv
Writing current data to ./star_data/star-2020_12_27_08_39.csv
Writing current data to ./2020_data/all-2020_12_27_08_39.csv
Current fetch finished. Next fetch will be 2020-12-27 08:59:10

Writing current data to ./game_data/game-2020_12_27_08_59.csv
Writing current data to ./star_data/star-2020_12_27_08_59.csv
Writing current data to ./2020_data/all-2020_12_27_08_59.csv
Current fetch finished. Next fetch will be 2020-12-27 09:19:10

Writing current data to ./game_data/game-2020_12_27_09_19.csv
Writing current data to ./star_data/star-2020_12_27_09_19.csv
Writing current data to ./2020_data/all-2020_12_27_09_19.csv
Current fetch finished. Next fetch will be 2020-12-27 09:39:10

Writing current data to ./game_data/game-2020_12_27_09_39.csv
Writing current data to ./star_data/star-2020_12_27_09_39.csv
Writing current data to ./2020_data/all-2020_12_27_09_39.csv
Current fetch finished. Next fetch will be 2020-12-27 09:59:10

Writing current data to ./game_data/game-2020_12_27_09_59.csv
Writing current data to ./star_data/star-2020_12_27_09_59.csv
Writing current data to ./2020_data/all-2020_12_27_09_59.csv
Current fetch finished. Next fetch will be 2020-12-27 10:19:10

Writing current data to ./game_data/game-2020_12_27_10_19.csv
Writing current data to ./star_data/star-2020_12_27_10_19.csv
Writing current data to ./2020_data/all-2020_12_27_10_19.csv
Current fetch finished. Next fetch will be 2020-12-27 10:39:10

Writing current data to ./game_data/game-2020_12_27_10_39.csv
Writing current data to ./star_data/star-2020_12_27_10_39.csv
Writing current data to ./2020_data/all-2020_12_27_10_39.csv
Current fetch finished. Next fetch will be 2020-12-27 10:59:10

Writing current data to ./game_data/game-2020_12_27_10_59.csv
Writing current data to ./star_data/star-2020_12_27_10_59.csv
Writing current data to ./2020_data/all-2020_12_27_10_59.csv
Current fetch finished. Next fetch will be 2020-12-27 11:19:10

Writing current data to ./game_data/game-2020_12_27_11_19.csv
Writing current data to ./star_data/star-2020_12_27_11_19.csv
Writing current data to ./2020_data/all-2020_12_27_11_19.csv
Current fetch finished. Next fetch will be 2020-12-27 11:39:10

Writing current data to ./game_data/game-2020_12_27_11_39.csv
Writing current data to ./star_data/star-2020_12_27_11_39.csv
Writing current data to ./2020_data/all-2020_12_27_11_39.csv
Current fetch finished. Next fetch will be 2020-12-27 11:59:10

Writing current data to ./game_data/game-2020_12_27_11_59.csv
Writing current data to ./star_data/star-2020_12_27_11_59.csv
Writing current data to ./2020_data/all-2020_12_27_11_59.csv
Current fetch finished. Next fetch will be 2020-12-27 12:19:10

Writing current data to ./game_data/game-2020_12_27_12_19.csv
Writing current data to ./star_data/star-2020_12_27_12_19.csv
Writing current data to ./2020_data/all-2020_12_27_12_19.csv
Current fetch finished. Next fetch will be 2020-12-27 12:39:10

Writing current data to ./game_data/game-2020_12_27_12_39.csv
Writing current data to ./star_data/star-2020_12_27_12_39.csv
Writing current data to ./2020_data/all-2020_12_27_12_39.csv
Current fetch finished. Next fetch will be 2020-12-27 12:59:10

Writing current data to ./game_data/game-2020_12_27_12_59.csv
Writing current data to ./star_data/star-2020_12_27_12_59.csv
Writing current data to ./2020_data/all-2020_12_27_12_59.csv
Current fetch finished. Next fetch will be 2020-12-27 13:19:10

Writing current data to ./game_data/game-2020_12_27_13_19.csv
Writing current data to ./star_data/star-2020_12_27_13_19.csv
Writing current data to ./2020_data/all-2020_12_27_13_19.csv
Current fetch finished. Next fetch will be 2020-12-27 13:39:10

Writing current data to ./game_data/game-2020_12_27_13_39.csv
Writing current data to ./star_data/star-2020_12_27_13_39.csv
Writing current data to ./2020_data/all-2020_12_27_13_39.csv
Current fetch finished. Next fetch will be 2020-12-27 13:59:10

Writing current data to ./game_data/game-2020_12_27_13_59.csv
Writing current data to ./star_data/star-2020_12_27_13_59.csv
Writing current data to ./2020_data/all-2020_12_27_13_59.csv
Current fetch finished. Next fetch will be 2020-12-27 14:19:10

Writing current data to ./game_data/game-2020_12_27_14_19.csv
Writing current data to ./star_data/star-2020_12_27_14_19.csv
Writing current data to ./2020_data/all-2020_12_27_14_19.csv
Current fetch finished. Next fetch will be 2020-12-27 14:39:10

Writing current data to ./game_data/game-2020_12_27_14_39.csv
Writing current data to ./star_data/star-2020_12_27_14_39.csv
Writing current data to ./2020_data/all-2020_12_27_14_39.csv
Current fetch finished. Next fetch will be 2020-12-27 14:59:10

Writing current data to ./game_data/game-2020_12_27_14_59.csv
Writing current data to ./star_data/star-2020_12_27_14_59.csv
Writing current data to ./2020_data/all-2020_12_27_14_59.csv
Current fetch finished. Next fetch will be 2020-12-27 15:19:10

Writing current data to ./game_data/game-2020_12_27_15_19.csv
Writing current data to ./star_data/star-2020_12_27_15_19.csv
Writing current data to ./2020_data/all-2020_12_27_15_19.csv
Current fetch finished. Next fetch will be 2020-12-27 15:39:10

Writing current data to ./game_data/game-2020_12_27_15_39.csv
Writing current data to ./star_data/star-2020_12_27_15_39.csv
Writing current data to ./2020_data/all-2020_12_27_15_39.csv
Current fetch finished. Next fetch will be 2020-12-27 15:59:10

Writing current data to ./game_data/game-2020_12_27_15_59.csv
Writing current data to ./star_data/star-2020_12_27_15_59.csv
Writing current data to ./2020_data/all-2020_12_27_15_59.csv
Current fetch finished. Next fetch will be 2020-12-27 16:19:10

Writing current data to ./game_data/game-2020_12_27_16_19.csv
Writing current data to ./star_data/star-2020_12_27_16_19.csv
Writing current data to ./2020_data/all-2020_12_27_16_19.csv
Current fetch finished. Next fetch will be 2020-12-27 16:39:10

Writing current data to ./game_data/game-2020_12_27_16_39.csv
Writing current data to ./star_data/star-2020_12_27_16_39.csv
Writing current data to ./2020_data/all-2020_12_27_16_39.csv
Current fetch finished. Next fetch will be 2020-12-27 16:59:10

Writing current data to ./game_data/game-2020_12_27_16_59.csv
Writing current data to ./star_data/star-2020_12_27_16_59.csv
Writing current data to ./2020_data/all-2020_12_27_16_59.csv
Current fetch finished. Next fetch will be 2020-12-27 17:19:10

Writing current data to ./game_data/game-2020_12_27_17_19.csv
Writing current data to ./star_data/star-2020_12_27_17_19.csv
Writing current data to ./2020_data/all-2020_12_27_17_19.csv
Current fetch finished. Next fetch will be 2020-12-27 17:39:10

Writing current data to ./game_data/game-2020_12_27_17_39.csv
Writing current data to ./star_data/star-2020_12_27_17_39.csv
Writing current data to ./2020_data/all-2020_12_27_17_39.csv
Current fetch finished. Next fetch will be 2020-12-27 17:59:10

Writing current data to ./game_data/game-2020_12_27_17_59.csv
Writing current data to ./star_data/star-2020_12_27_17_59.csv
Writing current data to ./2020_data/all-2020_12_27_17_59.csv
Current fetch finished. Next fetch will be 2020-12-27 18:19:10

Writing current data to ./game_data/game-2020_12_27_18_19.csv
Writing current data to ./star_data/star-2020_12_27_18_19.csv
Writing current data to ./2020_data/all-2020_12_27_18_19.csv
Current fetch finished. Next fetch will be 2020-12-27 18:39:10

Writing current data to ./game_data/game-2020_12_27_18_39.csv
Writing current data to ./star_data/star-2020_12_27_18_39.csv
Writing current data to ./2020_data/all-2020_12_27_18_39.csv
Current fetch finished. Next fetch will be 2020-12-27 18:59:10

Writing current data to ./game_data/game-2020_12_27_18_59.csv
Writing current data to ./star_data/star-2020_12_27_18_59.csv
Writing current data to ./2020_data/all-2020_12_27_18_59.csv
Current fetch finished. Next fetch will be 2020-12-27 19:19:10

Writing current data to ./game_data/game-2020_12_27_19_19.csv
Writing current data to ./star_data/star-2020_12_27_19_19.csv
Writing current data to ./2020_data/all-2020_12_27_19_19.csv
Current fetch finished. Next fetch will be 2020-12-27 19:39:10

Writing current data to ./game_data/game-2020_12_27_19_39.csv
Writing current data to ./star_data/star-2020_12_27_19_39.csv
Writing current data to ./2020_data/all-2020_12_27_19_39.csv
Current fetch finished. Next fetch will be 2020-12-27 19:59:10

Writing current data to ./game_data/game-2020_12_27_19_59.csv
Writing current data to ./star_data/star-2020_12_27_19_59.csv
Writing current data to ./2020_data/all-2020_12_27_19_59.csv
Current fetch finished. Next fetch will be 2020-12-27 20:19:10

Writing current data to ./game_data/game-2020_12_27_20_19.csv
Writing current data to ./star_data/star-2020_12_27_20_19.csv
Writing current data to ./2020_data/all-2020_12_27_20_19.csv
Current fetch finished. Next fetch will be 2020-12-27 20:39:10

Writing current data to ./game_data/game-2020_12_27_20_39.csv
Writing current data to ./star_data/star-2020_12_27_20_39.csv
Writing current data to ./2020_data/all-2020_12_27_20_39.csv
Current fetch finished. Next fetch will be 2020-12-27 20:59:10

Writing current data to ./game_data/game-2020_12_27_20_59.csv
Writing current data to ./star_data/star-2020_12_27_20_59.csv
Writing current data to ./2020_data/all-2020_12_27_20_59.csv
Current fetch finished. Next fetch will be 2020-12-27 21:19:10

Writing current data to ./game_data/game-2020_12_27_21_19.csv
Writing current data to ./star_data/star-2020_12_27_21_19.csv
Writing current data to ./2020_data/all-2020_12_27_21_19.csv
Current fetch finished. Next fetch will be 2020-12-27 21:39:10

Writing current data to ./game_data/game-2020_12_27_21_39.csv
Writing current data to ./star_data/star-2020_12_27_21_39.csv
Writing current data to ./2020_data/all-2020_12_27_21_39.csv
Current fetch finished. Next fetch will be 2020-12-27 21:59:10

Writing current data to ./game_data/game-2020_12_27_21_59.csv
Writing current data to ./star_data/star-2020_12_27_21_59.csv
Writing current data to ./2020_data/all-2020_12_27_21_59.csv
Current fetch finished. Next fetch will be 2020-12-27 22:19:10

Writing current data to ./game_data/game-2020_12_27_22_19.csv
Writing current data to ./star_data/star-2020_12_27_22_19.csv
Writing current data to ./2020_data/all-2020_12_27_22_19.csv
Current fetch finished. Next fetch will be 2020-12-27 22:39:10

Writing current data to ./game_data/game-2020_12_27_22_39.csv
Writing current data to ./star_data/star-2020_12_27_22_39.csv
Writing current data to ./2020_data/all-2020_12_27_22_39.csv
Current fetch finished. Next fetch will be 2020-12-27 22:59:10

Writing current data to ./game_data/game-2020_12_27_22_59.csv
Writing current data to ./star_data/star-2020_12_27_22_59.csv
Writing current data to ./2020_data/all-2020_12_27_22_59.csv
Current fetch finished. Next fetch will be 2020-12-27 23:19:10

